<?xml version="1.0" encoding="UTF-8"?>
<!-- Generated by org.testng.reporters.JUnitXMLReporter -->
<testsuite hostname="user-PC" ignored="0" name="Test1" tests="5" failures="1" timestamp="25 Mar 2018 19:54:20 GMT" time="83.711" errors="0">
  <testcase name="VerifyProfile" time="27.269" classname="com.NaukriTestCases.TestCase1"/>
  <testcase name="UpdateDomine" time="3.259" classname="com.NaukriTestCases.TestCase1"/>
  <testcase name="AutoComplete" time="13.646" classname="com.NaukriTestCases.TestCase1"/>
  <testcase name="UploadCV" time="27.784" classname="com.NaukriTestCases.TestCase1"/>
  <testcase name="LogOut" time="7.361" classname="com.NaukriTestCases.TestCase1">
    <failure type="java.lang.AssertionError" message="The following asserts failed:
	expected [true] but found [false]">
      <![CDATA[java.lang.AssertionError: The following asserts failed:expected [true] but found [false]at com.NaukriTestCases.TestCase1.LogOut(TestCase1.java:107)... Removed 26 stack frames]]>
    </failure>
  </testcase> <!-- LogOut -->
</testsuite> <!-- Test1 -->
