<?xml version="1.0" encoding="UTF-8"?>
<!-- Generated by org.testng.reporters.JUnitXMLReporter -->
<testsuite hostname="user-PC" ignored="0" name="Test4" tests="5" failures="1" timestamp="25 Mar 2018 19:58:40 GMT" time="84.357" errors="0">
  <testcase name="VerifyProfile" time="28.748" classname="com.NaukriTestCases.TestCase4"/>
  <testcase name="UpdateDomine" time="3.077" classname="com.NaukriTestCases.TestCase4"/>
  <testcase name="AutoComplete" time="14.415" classname="com.NaukriTestCases.TestCase4"/>
  <testcase name="UploadCV" time="27.811" classname="com.NaukriTestCases.TestCase4"/>
  <testcase name="LogOut" time="5.963" classname="com.NaukriTestCases.TestCase4">
    <failure type="java.lang.AssertionError" message="The following asserts failed:
	expected [true] but found [false]">
      <![CDATA[java.lang.AssertionError: The following asserts failed:expected [true] but found [false]at com.NaukriTestCases.TestCase4.LogOut(TestCase4.java:106)... Removed 26 stack frames]]>
    </failure>
  </testcase> <!-- LogOut -->
</testsuite> <!-- Test4 -->
