<?xml version="1.0" encoding="UTF-8"?>
<!-- Generated by org.testng.reporters.JUnitXMLReporter -->
<testsuite hostname="user-PC" ignored="0" name="Test5" tests="5" failures="1" timestamp="25 Mar 2018 20:00:04 GMT" time="84.32" errors="0">
  <testcase name="VerifyProfile" time="26.389" classname="com.NaukriTestCases.TestCase5"/>
  <testcase name="UpdateDomine" time="3.711" classname="com.NaukriTestCases.TestCase5"/>
  <testcase name="AutoComplete" time="14.447" classname="com.NaukriTestCases.TestCase5"/>
  <testcase name="UploadCV" time="28.144" classname="com.NaukriTestCases.TestCase5"/>
  <testcase name="LogOut" time="7.279" classname="com.NaukriTestCases.TestCase5">
    <failure type="java.lang.AssertionError" message="The following asserts failed:
	expected [true] but found [false]">
      <![CDATA[java.lang.AssertionError: The following asserts failed:expected [true] but found [false]at com.NaukriTestCases.TestCase5.LogOut(TestCase5.java:107)... Removed 26 stack frames]]>
    </failure>
  </testcase> <!-- LogOut -->
</testsuite> <!-- Test5 -->
