<?xml version="1.0" encoding="UTF-8"?>
<testsuite name="TestSuite" time="0.524" tests="87" errors="0" skipped="86" failures="1">
  <properties>
    <property name="java.runtime.name" value="Java(TM) SE Runtime Environment"/>
    <property name="sun.boot.library.path" value="C:\Program Files (x86)\Java\jre1.8.0_161\bin"/>
    <property name="java.vm.version" value="25.161-b12"/>
    <property name="java.vm.vendor" value="Oracle Corporation"/>
    <property name="maven.multiModuleProjectDirectory" value="D:\Arun_Selenium\MyFrameWork\NewFrameWork\MyNewSeleniumProject"/>
    <property name="java.vendor.url" value="http://java.oracle.com/"/>
    <property name="path.separator" value=";"/>
    <property name="guice.disable.misplaced.annotation.check" value="true"/>
    <property name="java.vm.name" value="Java HotSpot(TM) Client VM"/>
    <property name="file.encoding.pkg" value="sun.io"/>
    <property name="user.script" value=""/>
    <property name="user.country" value="US"/>
    <property name="sun.java.launcher" value="SUN_STANDARD"/>
    <property name="sun.os.patch.level" value=""/>
    <property name="java.vm.specification.name" value="Java Virtual Machine Specification"/>
    <property name="user.dir" value="D:\Arun_Selenium\MyFrameWork\NewFrameWork\MyNewSeleniumProject"/>
    <property name="java.runtime.version" value="1.8.0_161-b12"/>
    <property name="java.awt.graphicsenv" value="sun.awt.Win32GraphicsEnvironment"/>
    <property name="java.endorsed.dirs" value="C:\Program Files (x86)\Java\jre1.8.0_161\lib\endorsed"/>
    <property name="os.arch" value="x86"/>
    <property name="java.io.tmpdir" value="C:\Users\user\AppData\Local\Temp\"/>
    <property name="line.separator" value="&#10;"/>
    <property name="java.vm.specification.vendor" value="Oracle Corporation"/>
    <property name="user.variant" value=""/>
    <property name="os.name" value="Windows 10"/>
    <property name="classworlds.conf" value="D:\Arun_Selenium\MyFrameWork\NewFrameWork\.metadata\.plugins\org.eclipse.m2e.launching\launches\m2conf2137770593397390877.tmp"/>
    <property name="sun.jnu.encoding" value="Cp1252"/>
    <property name="java.library.path" value="C:\Program Files (x86)\Java\jre1.8.0_161\bin;C:\WINDOWS\Sun\Java\bin;C:\WINDOWS\system32;C:\WINDOWS;C:/Program Files (x86)/Java/jre1.8.0_161/bin/client;C:/Program Files (x86)/Java/jre1.8.0_161/bin;C:/Program Files (x86)/Java/jre1.8.0_161/lib/i386;C:\oraclexe\app\oracle\product\11.2.0\server\bin;;D:\app\user\product\11.2.0\dbhome_2\bin;C:\ProgramData\Oracle\Java\javapath;C:\Program Files\Java\jdk1.8.0_161\bin;D:\app\user\product\11.2.0\dbhome_1\bin;C:\Program Files (x86)\RSA SecurID Token Common;E:\app\user\product\11.1.0\db_1\bin;C:\WINDOWS\system32;C:\WINDOWS;C:\WINDOWS\System32\Wbem;C:\WINDOWS\System32\WindowsPowerShell\v1.0\;C:\Program Files\Intel\WiFi\bin\;C:\Program Files\Common Files\Intel\WirelessCommon\;D:\Arun_Selenium\Selenium_Workspce\SeleniumLearnings\bin;D:\Arun_Selenium\Selenium_Workspce\SeleniumLearnings\Lib;C:\Program Files\Java\jdk1.8.0_161\bin;C:\Program Files\Java\jre1.8.0_161\bin;C:\Program Files\Java\jdk1.8.0_161\jre\bin\server;C:\Program Files\Java\jre1.8.0_161\bin\server;C:\Users\user\AppData\Local\Android\Sdk\platform-tools;C:\Users\user\AppData\Local\Android\Sdk\tools;C:\Program Files (x86)\nodejs;C:\Users\user\AppData\Local\Android\Sdk\platforms;C:\Users\user\AppData\Local\Android\Sdk;C:\Users\user\AppData\Local\Android\Sdk\build-tools;C:\Program Files\Intel\WiFi\bin\;C:\Program Files\Common Files\Intel\WirelessCommon\;C:\Users\user\AppData\Local\Microsoft\WindowsApps;C:\Users\user\AppData\Roaming\npm;D:\Arun_Selenium\Selenium_downloads\Selenium\Selenium\eclipse;;."/>
    <property name="java.specification.name" value="Java Platform API Specification"/>
    <property name="java.class.version" value="52.0"/>
    <property name="sun.management.compiler" value="HotSpot Client Compiler"/>
    <property name="os.version" value="10.0"/>
    <property name="user.home" value="C:\Users\user"/>
    <property name="user.timezone" value="Asia/Calcutta"/>
    <property name="java.awt.printerjob" value="sun.awt.windows.WPrinterJob"/>
    <property name="java.specification.version" value="1.8"/>
    <property name="file.encoding" value="Cp1252"/>
    <property name="user.name" value="user"/>
    <property name="java.class.path" value="/D:/Arun_Selenium/Selenium_downloads/Selenium/Selenium/eclipse/plugins/org.eclipse.m2e.maven.runtime_1.7.0.20160603-1931/jars/plexus-classworlds-2.5.2.jar"/>
    <property name="java.vm.specification.version" value="1.8"/>
    <property name="sun.arch.data.model" value="32"/>
    <property name="java.home" value="C:\Program Files (x86)\Java\jre1.8.0_161"/>
    <property name="sun.java.command" value="org.codehaus.plexus.classworlds.launcher.Launcher -B test"/>
    <property name="java.specification.vendor" value="Oracle Corporation"/>
    <property name="user.language" value="en"/>
    <property name="awt.toolkit" value="sun.awt.windows.WToolkit"/>
    <property name="java.vm.info" value="mixed mode, sharing"/>
    <property name="java.version" value="1.8.0_161"/>
    <property name="java.ext.dirs" value="C:\Program Files (x86)\Java\jre1.8.0_161\lib\ext;C:\WINDOWS\Sun\Java\lib\ext"/>
    <property name="sun.boot.class.path" value="C:\Program Files (x86)\Java\jre1.8.0_161\lib\resources.jar;C:\Program Files (x86)\Java\jre1.8.0_161\lib\rt.jar;C:\Program Files (x86)\Java\jre1.8.0_161\lib\sunrsasign.jar;C:\Program Files (x86)\Java\jre1.8.0_161\lib\jsse.jar;C:\Program Files (x86)\Java\jre1.8.0_161\lib\jce.jar;C:\Program Files (x86)\Java\jre1.8.0_161\lib\charsets.jar;C:\Program Files (x86)\Java\jre1.8.0_161\lib\jfr.jar;C:\Program Files (x86)\Java\jre1.8.0_161\classes"/>
    <property name="java.vendor" value="Oracle Corporation"/>
    <property name="maven.home" value="D:\Arun_Selenium\MyFrameWork\NewFrameWork\MyNewSeleniumProject\EMBEDDED"/>
    <property name="file.separator" value="\"/>
    <property name="java.vendor.url.bug" value="http://bugreport.sun.com/bugreport/"/>
    <property name="sun.cpu.endian" value="little"/>
    <property name="sun.io.unicode.encoding" value="UnicodeLittle"/>
    <property name="sun.desktop" value="windows"/>
    <property name="sun.cpu.isalist" value="pentium_pro+mmx pentium_pro pentium+mmx pentium i486 i386 i86"/>
  </properties>
  <testcase name="extent" classname="com.NaukriTestCases.TestCase5" time="0.524">
    <failure message="freemarker/template/TemplateModelException" type="java.lang.NoClassDefFoundError">java.lang.NoClassDefFoundError: freemarker/template/TemplateModelException
	at com.Library.SetUpUtils.extent(SetUpUtils.java:58)
	at sun.reflect.NativeMethodAccessorImpl.invoke0(Native Method)
	at sun.reflect.NativeMethodAccessorImpl.invoke(Unknown Source)
	at sun.reflect.DelegatingMethodAccessorImpl.invoke(Unknown Source)
	at java.lang.reflect.Method.invoke(Unknown Source)
	at org.testng.internal.MethodInvocationHelper.invokeMethod(MethodInvocationHelper.java:124)
	at org.testng.internal.MethodInvocationHelper.invokeMethodConsideringTimeout(MethodInvocationHelper.java:59)
	at org.testng.internal.Invoker.invokeConfigurationMethod(Invoker.java:451)
	at org.testng.internal.Invoker.invokeConfigurations(Invoker.java:222)
	at org.testng.internal.Invoker.invokeConfigurations(Invoker.java:142)
	at org.testng.SuiteRunner.privateRun(SuiteRunner.java:401)
	at org.testng.SuiteRunner.run(SuiteRunner.java:364)
	at org.testng.SuiteRunnerWorker.runSuite(SuiteRunnerWorker.java:52)
	at org.testng.SuiteRunnerWorker.run(SuiteRunnerWorker.java:84)
	at org.testng.TestNG.runSuitesSequentially(TestNG.java:1187)
	at org.testng.TestNG.runSuitesLocally(TestNG.java:1116)
	at org.testng.TestNG.runSuites(TestNG.java:1028)
	at org.testng.TestNG.run(TestNG.java:996)
	at org.apache.maven.surefire.testng.TestNGExecutor.run(TestNGExecutor.java:293)
	at org.apache.maven.surefire.testng.TestNGXmlTestSuite.execute(TestNGXmlTestSuite.java:84)
	at org.apache.maven.surefire.testng.TestNGProvider.invoke(TestNGProvider.java:91)
	at org.apache.maven.surefire.booter.ForkedBooter.invokeProviderInSameClassLoader(ForkedBooter.java:200)
	at org.apache.maven.surefire.booter.ForkedBooter.runSuitesInProcess(ForkedBooter.java:153)
	at org.apache.maven.surefire.booter.ForkedBooter.main(ForkedBooter.java:103)
Caused by: java.lang.ClassNotFoundException: freemarker.template.TemplateModelException
	at java.net.URLClassLoader.findClass(Unknown Source)
	at java.lang.ClassLoader.loadClass(Unknown Source)
	at sun.misc.Launcher$AppClassLoader.loadClass(Unknown Source)
	at java.lang.ClassLoader.loadClass(Unknown Source)
	at com.Library.SetUpUtils.extent(SetUpUtils.java:58)
	at sun.reflect.NativeMethodAccessorImpl.invoke0(Native Method)
	at sun.reflect.NativeMethodAccessorImpl.invoke(Unknown Source)
	at sun.reflect.DelegatingMethodAccessorImpl.invoke(Unknown Source)
	at java.lang.reflect.Method.invoke(Unknown Source)
	at org.testng.internal.MethodInvocationHelper.invokeMethod(MethodInvocationHelper.java:124)
	at org.testng.internal.MethodInvocationHelper.invokeMethodConsideringTimeout(MethodInvocationHelper.java:59)
	at org.testng.internal.Invoker.invokeConfigurationMethod(Invoker.java:451)
	at org.testng.internal.Invoker.invokeConfigurations(Invoker.java:222)
	at org.testng.internal.Invoker.invokeConfigurations(Invoker.java:142)
	at org.testng.SuiteRunner.privateRun(SuiteRunner.java:401)
	at org.testng.SuiteRunner.run(SuiteRunner.java:364)
	at org.testng.SuiteRunnerWorker.runSuite(SuiteRunnerWorker.java:52)
	at org.testng.SuiteRunnerWorker.run(SuiteRunnerWorker.java:84)
	at org.testng.TestNG.runSuitesSequentially(TestNG.java:1187)
	at org.testng.TestNG.runSuitesLocally(TestNG.java:1116)
	at org.testng.TestNG.runSuites(TestNG.java:1028)
	at org.testng.TestNG.run(TestNG.java:996)
	at org.apache.maven.surefire.testng.TestNGExecutor.run(TestNGExecutor.java:293)
	at org.apache.maven.surefire.testng.TestNGXmlTestSuite.execute(TestNGXmlTestSuite.java:84)
	at org.apache.maven.surefire.testng.TestNGProvider.invoke(TestNGProvider.java:91)
	at org.apache.maven.surefire.booter.ForkedBooter.invokeProviderInSameClassLoader(ForkedBooter.java:200)
	at org.apache.maven.surefire.booter.ForkedBooter.runSuitesInProcess(ForkedBooter.java:153)
	at org.apache.maven.surefire.booter.ForkedBooter.main(ForkedBooter.java:103)
</failure>
  </testcase>
  <testcase name="setUp" classname="com.NaukriTestCases.TestCase1" time="0">
    <skipped/>
  </testcase>
  <testcase name="registerthemethods" classname="com.NaukriTestCases.TestCase1" time="0">
    <skipped/>
  </testcase>
  <testcase name="VerifyProfile" classname="com.NaukriTestCases.TestCase1" time="0">
    <skipped/>
  </testcase>
  <testcase name="CaptureStatus" classname="com.NaukriTestCases.TestCase1" time="0">
    <skipped/>
  </testcase>
  <testcase name="registerthemethods" classname="com.NaukriTestCases.TestCase1" time="0">
    <skipped/>
  </testcase>
  <testcase name="UpdateDomine" classname="com.NaukriTestCases.TestCase1" time="0">
    <skipped/>
  </testcase>
  <testcase name="CaptureStatus" classname="com.NaukriTestCases.TestCase1" time="0">
    <skipped/>
  </testcase>
  <testcase name="registerthemethods" classname="com.NaukriTestCases.TestCase1" time="0">
    <skipped/>
  </testcase>
  <testcase name="AutoComplete" classname="com.NaukriTestCases.TestCase1" time="0">
    <skipped/>
  </testcase>
  <testcase name="CaptureStatus" classname="com.NaukriTestCases.TestCase1" time="0">
    <skipped/>
  </testcase>
  <testcase name="registerthemethods" classname="com.NaukriTestCases.TestCase1" time="0">
    <skipped/>
  </testcase>
  <testcase name="UploadCV" classname="com.NaukriTestCases.TestCase1" time="0">
    <skipped/>
  </testcase>
  <testcase name="CaptureStatus" classname="com.NaukriTestCases.TestCase1" time="0">
    <skipped/>
  </testcase>
  <testcase name="registerthemethods" classname="com.NaukriTestCases.TestCase1" time="0">
    <skipped/>
  </testcase>
  <testcase name="LogOut" classname="com.NaukriTestCases.TestCase1" time="0">
    <skipped/>
  </testcase>
  <testcase name="CaptureStatus" classname="com.NaukriTestCases.TestCase1" time="0">
    <skipped/>
  </testcase>
  <testcase name="teardown" classname="com.NaukriTestCases.TestCase1" time="0">
    <skipped/>
  </testcase>
  <testcase name="setUp" classname="com.NaukriTestCases.TestCase2" time="0">
    <skipped/>
  </testcase>
  <testcase name="registerthemethods" classname="com.NaukriTestCases.TestCase2" time="0">
    <skipped/>
  </testcase>
  <testcase name="VerifyProfile" classname="com.NaukriTestCases.TestCase2" time="0">
    <skipped/>
  </testcase>
  <testcase name="CaptureStatus" classname="com.NaukriTestCases.TestCase2" time="0">
    <skipped/>
  </testcase>
  <testcase name="registerthemethods" classname="com.NaukriTestCases.TestCase2" time="0">
    <skipped/>
  </testcase>
  <testcase name="UpdateDomine" classname="com.NaukriTestCases.TestCase2" time="0">
    <skipped/>
  </testcase>
  <testcase name="CaptureStatus" classname="com.NaukriTestCases.TestCase2" time="0">
    <skipped/>
  </testcase>
  <testcase name="registerthemethods" classname="com.NaukriTestCases.TestCase2" time="0">
    <skipped/>
  </testcase>
  <testcase name="AutoComplete" classname="com.NaukriTestCases.TestCase2" time="0">
    <skipped/>
  </testcase>
  <testcase name="CaptureStatus" classname="com.NaukriTestCases.TestCase2" time="0">
    <skipped/>
  </testcase>
  <testcase name="registerthemethods" classname="com.NaukriTestCases.TestCase2" time="0">
    <skipped/>
  </testcase>
  <testcase name="UploadCV" classname="com.NaukriTestCases.TestCase2" time="0">
    <skipped/>
  </testcase>
  <testcase name="CaptureStatus" classname="com.NaukriTestCases.TestCase2" time="0">
    <skipped/>
  </testcase>
  <testcase name="registerthemethods" classname="com.NaukriTestCases.TestCase2" time="0">
    <skipped/>
  </testcase>
  <testcase name="LogOut" classname="com.NaukriTestCases.TestCase2" time="0">
    <skipped/>
  </testcase>
  <testcase name="CaptureStatus" classname="com.NaukriTestCases.TestCase2" time="0">
    <skipped/>
  </testcase>
  <testcase name="teardown" classname="com.NaukriTestCases.TestCase2" time="0">
    <skipped/>
  </testcase>
  <testcase name="setUp" classname="com.NaukriTestCases.TestCase3" time="0">
    <skipped/>
  </testcase>
  <testcase name="registerthemethods" classname="com.NaukriTestCases.TestCase3" time="0">
    <skipped/>
  </testcase>
  <testcase name="VerifyProfile" classname="com.NaukriTestCases.TestCase3" time="0">
    <skipped/>
  </testcase>
  <testcase name="CaptureStatus" classname="com.NaukriTestCases.TestCase3" time="0">
    <skipped/>
  </testcase>
  <testcase name="registerthemethods" classname="com.NaukriTestCases.TestCase3" time="0">
    <skipped/>
  </testcase>
  <testcase name="UpdateDomine" classname="com.NaukriTestCases.TestCase3" time="0">
    <skipped/>
  </testcase>
  <testcase name="CaptureStatus" classname="com.NaukriTestCases.TestCase3" time="0">
    <skipped/>
  </testcase>
  <testcase name="registerthemethods" classname="com.NaukriTestCases.TestCase3" time="0">
    <skipped/>
  </testcase>
  <testcase name="AutoComplete" classname="com.NaukriTestCases.TestCase3" time="0">
    <skipped/>
  </testcase>
  <testcase name="CaptureStatus" classname="com.NaukriTestCases.TestCase3" time="0">
    <skipped/>
  </testcase>
  <testcase name="registerthemethods" classname="com.NaukriTestCases.TestCase3" time="0">
    <skipped/>
  </testcase>
  <testcase name="UploadCV" classname="com.NaukriTestCases.TestCase3" time="0">
    <skipped/>
  </testcase>
  <testcase name="CaptureStatus" classname="com.NaukriTestCases.TestCase3" time="0">
    <skipped/>
  </testcase>
  <testcase name="registerthemethods" classname="com.NaukriTestCases.TestCase3" time="0">
    <skipped/>
  </testcase>
  <testcase name="LogOut" classname="com.NaukriTestCases.TestCase3" time="0">
    <skipped/>
  </testcase>
  <testcase name="CaptureStatus" classname="com.NaukriTestCases.TestCase3" time="0">
    <skipped/>
  </testcase>
  <testcase name="teardown" classname="com.NaukriTestCases.TestCase3" time="0">
    <skipped/>
  </testcase>
  <testcase name="setUp" classname="com.NaukriTestCases.TestCase4" time="0">
    <skipped/>
  </testcase>
  <testcase name="registerthemethods" classname="com.NaukriTestCases.TestCase4" time="0">
    <skipped/>
  </testcase>
  <testcase name="VerifyProfile" classname="com.NaukriTestCases.TestCase4" time="0">
    <skipped/>
  </testcase>
  <testcase name="CaptureStatus" classname="com.NaukriTestCases.TestCase4" time="0">
    <skipped/>
  </testcase>
  <testcase name="registerthemethods" classname="com.NaukriTestCases.TestCase4" time="0">
    <skipped/>
  </testcase>
  <testcase name="UpdateDomine" classname="com.NaukriTestCases.TestCase4" time="0">
    <skipped/>
  </testcase>
  <testcase name="CaptureStatus" classname="com.NaukriTestCases.TestCase4" time="0">
    <skipped/>
  </testcase>
  <testcase name="registerthemethods" classname="com.NaukriTestCases.TestCase4" time="0">
    <skipped/>
  </testcase>
  <testcase name="AutoComplete" classname="com.NaukriTestCases.TestCase4" time="0">
    <skipped/>
  </testcase>
  <testcase name="CaptureStatus" classname="com.NaukriTestCases.TestCase4" time="0">
    <skipped/>
  </testcase>
  <testcase name="registerthemethods" classname="com.NaukriTestCases.TestCase4" time="0">
    <skipped/>
  </testcase>
  <testcase name="UploadCV" classname="com.NaukriTestCases.TestCase4" time="0">
    <skipped/>
  </testcase>
  <testcase name="CaptureStatus" classname="com.NaukriTestCases.TestCase4" time="0">
    <skipped/>
  </testcase>
  <testcase name="registerthemethods" classname="com.NaukriTestCases.TestCase4" time="0">
    <skipped/>
  </testcase>
  <testcase name="LogOut" classname="com.NaukriTestCases.TestCase4" time="0">
    <skipped/>
  </testcase>
  <testcase name="CaptureStatus" classname="com.NaukriTestCases.TestCase4" time="0">
    <skipped/>
  </testcase>
  <testcase name="teardown" classname="com.NaukriTestCases.TestCase4" time="0">
    <skipped/>
  </testcase>
  <testcase name="setUp" classname="com.NaukriTestCases.TestCase5" time="0">
    <skipped/>
  </testcase>
  <testcase name="registerthemethods" classname="com.NaukriTestCases.TestCase5" time="0">
    <skipped/>
  </testcase>
  <testcase name="VerifyProfile" classname="com.NaukriTestCases.TestCase5" time="0">
    <skipped/>
  </testcase>
  <testcase name="CaptureStatus" classname="com.NaukriTestCases.TestCase5" time="0">
    <skipped/>
  </testcase>
  <testcase name="registerthemethods" classname="com.NaukriTestCases.TestCase5" time="0">
    <skipped/>
  </testcase>
  <testcase name="UpdateDomine" classname="com.NaukriTestCases.TestCase5" time="0">
    <skipped/>
  </testcase>
  <testcase name="CaptureStatus" classname="com.NaukriTestCases.TestCase5" time="0">
    <skipped/>
  </testcase>
  <testcase name="registerthemethods" classname="com.NaukriTestCases.TestCase5" time="0">
    <skipped/>
  </testcase>
  <testcase name="AutoComplete" classname="com.NaukriTestCases.TestCase5" time="0">
    <skipped/>
  </testcase>
  <testcase name="CaptureStatus" classname="com.NaukriTestCases.TestCase5" time="0">
    <skipped/>
  </testcase>
  <testcase name="registerthemethods" classname="com.NaukriTestCases.TestCase5" time="0">
    <skipped/>
  </testcase>
  <testcase name="UploadCV" classname="com.NaukriTestCases.TestCase5" time="0">
    <skipped/>
  </testcase>
  <testcase name="CaptureStatus" classname="com.NaukriTestCases.TestCase5" time="0">
    <skipped/>
  </testcase>
  <testcase name="registerthemethods" classname="com.NaukriTestCases.TestCase5" time="0">
    <skipped/>
  </testcase>
  <testcase name="LogOut" classname="com.NaukriTestCases.TestCase5" time="0">
    <skipped/>
  </testcase>
  <testcase name="CaptureStatus" classname="com.NaukriTestCases.TestCase5" time="0">
    <skipped/>
  </testcase>
  <testcase name="teardown" classname="com.NaukriTestCases.TestCase5" time="0">
    <skipped/>
  </testcase>
  <testcase name="UnregisterAll" classname="com.NaukriTestCases.TestCase5" time="0">
    <skipped/>
  </testcase>
</testsuite>