<!DOCTYPE html PUBLIC "-//W3C//DTD XHTML 1.1//EN" "http://www.w3.org/TR/xhtml11/DTD/xhtml11.dtd">
<html xmlns="http://www.w3.org/1999/xhtml">
<head>
<meta http-equiv="content-type" content="text/html; charset=UTF-8"/>
<title>TestNG Report</title>
<style type="text/css">table {margin-bottom:10px;border-collapse:collapse;empty-cells:show}th,td {border:1px solid #009;padding:.25em .5em}th {vertical-align:bottom}td {vertical-align:top}table a {font-weight:bold}.stripe td {background-color: #E6EBF9}.num {text-align:right}.passedodd td {background-color: #3F3}.passedeven td {background-color: #0A0}.skippedodd td {background-color: #DDD}.skippedeven td {background-color: #CCC}.failedodd td,.attn {background-color: #F33}.failedeven td,.stripe .attn {background-color: #D00}.stacktrace {white-space:pre;font-family:monospace}.totop {font-size:85%;text-align:center;border-bottom:2px solid #000}.invisible {display:none}</style>
</head>
<body>
<table>
<tr><th>Test</th><th># Passed</th><th># Skipped</th><th># Failed</th><th>Time (ms)</th><th>Included Groups</th><th>Excluded Groups</th></tr>
<tr><th colspan="7">Suite</th></tr>
<tr><td><a href="#t0">Test1</a></td><td class="num">4</td><td class="num">0</td><td class="num attn">1</td><td class="num">83,711</td><td></td><td></td></tr>
<tr class="stripe"><td><a href="#t1">Test2</a></td><td class="num">5</td><td class="num">0</td><td class="num">0</td><td class="num">88,009</td><td></td><td></td></tr>
<tr><td><a href="#t2">Test3</a></td><td class="num">5</td><td class="num">0</td><td class="num">0</td><td class="num">87,060</td><td></td><td></td></tr>
<tr class="stripe"><td><a href="#t3">Test4</a></td><td class="num">4</td><td class="num">0</td><td class="num attn">1</td><td class="num">84,357</td><td></td><td></td></tr>
<tr><td><a href="#t4">Test5</a></td><td class="num">4</td><td class="num">0</td><td class="num attn">1</td><td class="num">84,320</td><td></td><td></td></tr>
<tr><th>Total</th><th class="num">22</th><th class="num">0</th><th class="num attn">3</th><th class="num">427,457</th><th colspan="2"></th></tr>
</table>
<table id='summary'><thead><tr><th>Class</th><th>Method</th><th>Start</th><th>Time (ms)</th></tr></thead><tbody><tr><th colspan="4">Suite</th></tr></tbody><tbody id="t0"><tr><th colspan="4">Test1 &#8212; failed</th></tr><tr class="failedeven"><td rowspan="1">com.NaukriTestCases.TestCase1</td><td><a href="#m0">LogOut</a></td><td rowspan="1">1522007649074</td><td rowspan="1">7361</td></tr><tr><th colspan="4">Test1 &#8212; passed</th></tr><tr class="passedeven"><td rowspan="4">com.NaukriTestCases.TestCase1</td><td><a href="#m1">AutoComplete</a></td><td rowspan="1">1522007607642</td><td rowspan="1">13646</td></tr><tr class="passedeven"><td><a href="#m2">UpdateDomine</a></td><td rowspan="1">1522007604383</td><td rowspan="1">3259</td></tr><tr class="passedeven"><td><a href="#m3">UploadCV</a></td><td rowspan="1">1522007621288</td><td rowspan="1">27784</td></tr><tr class="passedeven"><td><a href="#m4">VerifyProfile</a></td><td rowspan="1">1522007577114</td><td rowspan="1">27269</td></tr></tbody>
<tbody id="t1"><tr><th colspan="4">Test2 &#8212; passed</th></tr><tr class="passedeven"><td rowspan="5">com.NaukriTestCases.TestCase2</td><td><a href="#m5">AutoComplete</a></td><td rowspan="1">1522007693558</td><td rowspan="1">14062</td></tr><tr class="passedeven"><td><a href="#m6">LogOut</a></td><td rowspan="1">1522007735337</td><td rowspan="1">9274</td></tr><tr class="passedeven"><td><a href="#m7">UpdateDomine</a></td><td rowspan="1">1522007690164</td><td rowspan="1">3393</td></tr><tr class="passedeven"><td><a href="#m8">UploadCV</a></td><td rowspan="1">1522007707620</td><td rowspan="1">27717</td></tr><tr class="passedeven"><td><a href="#m9">VerifyProfile</a></td><td rowspan="1">1522007660831</td><td rowspan="1">29333</td></tr></tbody>
<tbody id="t2"><tr><th colspan="4">Test3 &#8212; passed</th></tr><tr class="passedeven"><td rowspan="5">com.NaukriTestCases.TestCase3</td><td><a href="#m10">AutoComplete</a></td><td rowspan="1">1522007782426</td><td rowspan="1">13794</td></tr><tr class="passedeven"><td><a href="#m11">LogOut</a></td><td rowspan="1">1522007824239</td><td rowspan="1">7483</td></tr><tr class="passedeven"><td><a href="#m12">UpdateDomine</a></td><td rowspan="1">1522007777697</td><td rowspan="1">4728</td></tr><tr class="passedeven"><td><a href="#m13">UploadCV</a></td><td rowspan="1">1522007796220</td><td rowspan="1">28017</td></tr><tr class="passedeven"><td><a href="#m14">VerifyProfile</a></td><td rowspan="1">1522007748854</td><td rowspan="1">28843</td></tr></tbody>
<tbody id="t3"><tr><th colspan="4">Test4 &#8212; failed</th></tr><tr class="failedeven"><td rowspan="1">com.NaukriTestCases.TestCase4</td><td><a href="#m15">LogOut</a></td><td rowspan="1">1522007909990</td><td rowspan="1">5963</td></tr><tr><th colspan="4">Test4 &#8212; passed</th></tr><tr class="passedeven"><td rowspan="4">com.NaukriTestCases.TestCase4</td><td><a href="#m16">AutoComplete</a></td><td rowspan="1">1522007867760</td><td rowspan="1">14415</td></tr><tr class="passedeven"><td><a href="#m17">UpdateDomine</a></td><td rowspan="1">1522007864682</td><td rowspan="1">3077</td></tr><tr class="passedeven"><td><a href="#m18">UploadCV</a></td><td rowspan="1">1522007882175</td><td rowspan="1">27811</td></tr><tr class="passedeven"><td><a href="#m19">VerifyProfile</a></td><td rowspan="1">1522007835934</td><td rowspan="1">28748</td></tr></tbody>
<tbody id="t4"><tr><th colspan="4">Test5 &#8212; failed (configuration methods)</th></tr><tr class="failedeven"><td rowspan="1">com.NaukriTestCases.TestCase5</td><td><a href="#m20">UnregisterAll</a></td><td rowspan="1">1522008004644</td><td rowspan="1">485</td></tr><tr><th colspan="4">Test5 &#8212; failed</th></tr><tr class="failedeven"><td rowspan="1">com.NaukriTestCases.TestCase5</td><td><a href="#m21">LogOut</a></td><td rowspan="1">1522007993000</td><td rowspan="1">7279</td></tr><tr><th colspan="4">Test5 &#8212; passed</th></tr><tr class="passedeven"><td rowspan="4">com.NaukriTestCases.TestCase5</td><td><a href="#m22">AutoComplete</a></td><td rowspan="1">1522007950408</td><td rowspan="1">14447</td></tr><tr class="passedeven"><td><a href="#m23">UpdateDomine</a></td><td rowspan="1">1522007946697</td><td rowspan="1">3711</td></tr><tr class="passedeven"><td><a href="#m24">UploadCV</a></td><td rowspan="1">1522007964855</td><td rowspan="1">28144</td></tr><tr class="passedeven"><td><a href="#m25">VerifyProfile</a></td><td rowspan="1">1522007920308</td><td rowspan="1">26389</td></tr></tbody>
</table>
<h2>Test1</h2><h3 id="m0">com.NaukriTestCases.TestCase1#LogOut</h3><table class="result"><tr><th>Exception</th></tr><tr><td><div class="stacktrace">java.lang.AssertionError: The following asserts failed:
	expected [true] but found [false]
	at com.NaukriTestCases.TestCase1.LogOut(TestCase1.java:107)
... Removed 26 stack frames</div></td></tr></table><p class="totop"><a href="#summary">back to summary</a></p>
<h3 id="m1">com.NaukriTestCases.TestCase1#AutoComplete</h3><table class="result"><tr><th class="invisible"/></tr></table><p class="totop"><a href="#summary">back to summary</a></p>
<h3 id="m2">com.NaukriTestCases.TestCase1#UpdateDomine</h3><table class="result"><tr><th class="invisible"/></tr></table><p class="totop"><a href="#summary">back to summary</a></p>
<h3 id="m3">com.NaukriTestCases.TestCase1#UploadCV</h3><table class="result"><tr><th class="invisible"/></tr></table><p class="totop"><a href="#summary">back to summary</a></p>
<h3 id="m4">com.NaukriTestCases.TestCase1#VerifyProfile</h3><table class="result"><tr><th class="invisible"/></tr></table><p class="totop"><a href="#summary">back to summary</a></p>
<h2>Test2</h2><h3 id="m5">com.NaukriTestCases.TestCase2#AutoComplete</h3><table class="result"><tr><th class="invisible"/></tr></table><p class="totop"><a href="#summary">back to summary</a></p>
<h3 id="m6">com.NaukriTestCases.TestCase2#LogOut</h3><table class="result"><tr><th class="invisible"/></tr></table><p class="totop"><a href="#summary">back to summary</a></p>
<h3 id="m7">com.NaukriTestCases.TestCase2#UpdateDomine</h3><table class="result"><tr><th class="invisible"/></tr></table><p class="totop"><a href="#summary">back to summary</a></p>
<h3 id="m8">com.NaukriTestCases.TestCase2#UploadCV</h3><table class="result"><tr><th class="invisible"/></tr></table><p class="totop"><a href="#summary">back to summary</a></p>
<h3 id="m9">com.NaukriTestCases.TestCase2#VerifyProfile</h3><table class="result"><tr><th class="invisible"/></tr></table><p class="totop"><a href="#summary">back to summary</a></p>
<h2>Test3</h2><h3 id="m10">com.NaukriTestCases.TestCase3#AutoComplete</h3><table class="result"><tr><th class="invisible"/></tr></table><p class="totop"><a href="#summary">back to summary</a></p>
<h3 id="m11">com.NaukriTestCases.TestCase3#LogOut</h3><table class="result"><tr><th class="invisible"/></tr></table><p class="totop"><a href="#summary">back to summary</a></p>
<h3 id="m12">com.NaukriTestCases.TestCase3#UpdateDomine</h3><table class="result"><tr><th class="invisible"/></tr></table><p class="totop"><a href="#summary">back to summary</a></p>
<h3 id="m13">com.NaukriTestCases.TestCase3#UploadCV</h3><table class="result"><tr><th class="invisible"/></tr></table><p class="totop"><a href="#summary">back to summary</a></p>
<h3 id="m14">com.NaukriTestCases.TestCase3#VerifyProfile</h3><table class="result"><tr><th class="invisible"/></tr></table><p class="totop"><a href="#summary">back to summary</a></p>
<h2>Test4</h2><h3 id="m15">com.NaukriTestCases.TestCase4#LogOut</h3><table class="result"><tr><th>Exception</th></tr><tr><td><div class="stacktrace">java.lang.AssertionError: The following asserts failed:
	expected [true] but found [false]
	at com.NaukriTestCases.TestCase4.LogOut(TestCase4.java:106)
... Removed 26 stack frames</div></td></tr></table><p class="totop"><a href="#summary">back to summary</a></p>
<h3 id="m16">com.NaukriTestCases.TestCase4#AutoComplete</h3><table class="result"><tr><th class="invisible"/></tr></table><p class="totop"><a href="#summary">back to summary</a></p>
<h3 id="m17">com.NaukriTestCases.TestCase4#UpdateDomine</h3><table class="result"><tr><th class="invisible"/></tr></table><p class="totop"><a href="#summary">back to summary</a></p>
<h3 id="m18">com.NaukriTestCases.TestCase4#UploadCV</h3><table class="result"><tr><th class="invisible"/></tr></table><p class="totop"><a href="#summary">back to summary</a></p>
<h3 id="m19">com.NaukriTestCases.TestCase4#VerifyProfile</h3><table class="result"><tr><th class="invisible"/></tr></table><p class="totop"><a href="#summary">back to summary</a></p>
<h2>Test5</h2><h3 id="m20">com.NaukriTestCases.TestCase5#UnregisterAll</h3><table class="result"><tr><th>Exception</th></tr><tr><td><div class="stacktrace">org.openqa.selenium.SessionNotCreatedException: Tried to run command without establishing a connection
Build info: version: &apos;3.11.0&apos;, revision: &apos;e59cfb3&apos;, time: &apos;2018-03-11T20:26:55.152Z&apos;
System info: host: &apos;USER-PC&apos;, ip: &apos;192.168.209.2&apos;, os.name: &apos;Windows 10&apos;, os.arch: &apos;x86&apos;, os.version: &apos;10.0&apos;, java.version: &apos;1.8.0_161&apos;
Driver info: org.openqa.selenium.firefox.FirefoxDriver
Capabilities {acceptInsecureCerts: true, browserName: firefox, browserVersion: 56.0, javascriptEnabled: true, moz:accessibilityChecks: false, moz:headless: false, moz:processID: 5040, moz:profile: C:\Users\user\AppData\Local..., pageLoadStrategy: normal, platform: XP, platformName: XP, platformVersion: 10.0, rotatable: false, specificationLevel: 0, timeouts: {implicit: 0, pageLoad: 300000, script: 30000}}
Session ID: 7bb22999-8a0d-4334-bbcc-9737959a7965
	at org.openqa.selenium.remote.http.W3CHttpResponseCodec.createException(W3CHttpResponseCodec.java:187)
	at org.openqa.selenium.remote.http.W3CHttpResponseCodec.decode(W3CHttpResponseCodec.java:122)
	at org.openqa.selenium.remote.http.W3CHttpResponseCodec.decode(W3CHttpResponseCodec.java:49)
	at org.openqa.selenium.remote.HttpCommandExecutor.execute(HttpCommandExecutor.java:158)
	at org.openqa.selenium.remote.service.DriverCommandExecutor.execute(DriverCommandExecutor.java:83)
	at org.openqa.selenium.remote.RemoteWebDriver.execute(RemoteWebDriver.java:545)
	at org.openqa.selenium.remote.RemoteWebDriver.execute(RemoteWebDriver.java:602)
	at org.openqa.selenium.remote.RemoteWebDriver.quit(RemoteWebDriver.java:445)
	at com.Library.SetUpUtils.UnregisterAll(SetUpUtils.java:74)
... Removed 24 stack frames</div></td></tr></table><p class="totop"><a href="#summary">back to summary</a></p>
<h3 id="m21">com.NaukriTestCases.TestCase5#LogOut</h3><table class="result"><tr><th>Exception</th></tr><tr><td><div class="stacktrace">java.lang.AssertionError: The following asserts failed:
	expected [true] but found [false]
	at com.NaukriTestCases.TestCase5.LogOut(TestCase5.java:107)
... Removed 26 stack frames</div></td></tr></table><p class="totop"><a href="#summary">back to summary</a></p>
<h3 id="m22">com.NaukriTestCases.TestCase5#AutoComplete</h3><table class="result"><tr><th class="invisible"/></tr></table><p class="totop"><a href="#summary">back to summary</a></p>
<h3 id="m23">com.NaukriTestCases.TestCase5#UpdateDomine</h3><table class="result"><tr><th class="invisible"/></tr></table><p class="totop"><a href="#summary">back to summary</a></p>
<h3 id="m24">com.NaukriTestCases.TestCase5#UploadCV</h3><table class="result"><tr><th class="invisible"/></tr></table><p class="totop"><a href="#summary">back to summary</a></p>
<h3 id="m25">com.NaukriTestCases.TestCase5#VerifyProfile</h3><table class="result"><tr><th class="invisible"/></tr></table><p class="totop"><a href="#summary">back to summary</a></p>
</body>
</html>
