<?xml version="1.0" encoding="UTF-8"?>
<testng-results skipped="0" failed="3" ignored="0" total="25" passed="22">
  <reporter-output>
  </reporter-output>
  <suite name="Suite" duration-ms="427546" started-at="2018-03-25T19:52:57Z" finished-at="2018-03-25T20:00:04Z">
    <groups>
    </groups>
    <test name="Test1" duration-ms="83711" started-at="2018-03-25T19:52:57Z" finished-at="2018-03-25T19:54:20Z">
      <class name="com.NaukriTestCases.TestCase1">
        <test-method status="PASS" signature="registerthemethods(java.lang.reflect.Method)[pri:0, instance:com.NaukriTestCases.TestCase1@91e32e]" name="registerthemethods" is-config="true" duration-ms="16" started-at="2018-03-26T01:22:57Z" finished-at="2018-03-26T01:22:57Z">
          <params>
            <param index="0">
              <value>
                <![CDATA[public void com.NaukriTestCases.TestCase1.VerifyProfile() throws java.lang.Exception]]>
              </value>
            </param>
          </params>
          <reporter-output>
          </reporter-output>
        </test-method> <!-- registerthemethods -->
        <test-method status="PASS" signature="setUp()[pri:0, instance:com.NaukriTestCases.TestCase1@91e32e]" name="setUp" is-config="true" duration-ms="0" started-at="2018-03-26T01:22:57Z" finished-at="2018-03-26T01:22:57Z">
          <reporter-output>
          </reporter-output>
        </test-method> <!-- setUp -->
        <test-method status="PASS" signature="VerifyProfile()[pri:1, instance:com.NaukriTestCases.TestCase1@91e32e]" name="VerifyProfile" duration-ms="27269" started-at="2018-03-26T01:22:57Z" finished-at="2018-03-26T01:23:24Z">
          <reporter-output>
          </reporter-output>
        </test-method> <!-- VerifyProfile -->
        <test-method status="PASS" signature="registerthemethods(java.lang.reflect.Method)[pri:0, instance:com.NaukriTestCases.TestCase1@91e32e]" name="registerthemethods" is-config="true" duration-ms="0" started-at="2018-03-26T01:23:24Z" finished-at="2018-03-26T01:23:24Z">
          <params>
            <param index="0">
              <value>
                <![CDATA[public void com.NaukriTestCases.TestCase1.UpdateDomine() throws java.lang.Exception]]>
              </value>
            </param>
          </params>
          <reporter-output>
          </reporter-output>
        </test-method> <!-- registerthemethods -->
        <test-method status="PASS" signature="UpdateDomine()[pri:2, instance:com.NaukriTestCases.TestCase1@91e32e]" name="UpdateDomine" duration-ms="3259" started-at="2018-03-26T01:23:24Z" finished-at="2018-03-26T01:23:27Z">
          <reporter-output>
          </reporter-output>
        </test-method> <!-- UpdateDomine -->
        <test-method status="PASS" signature="CaptureStatus(org.testng.ITestResult)[pri:0, instance:com.NaukriTestCases.TestCase1@91e32e]" name="CaptureStatus" is-config="true" duration-ms="0" started-at="2018-03-26T01:23:24Z" finished-at="2018-03-26T01:23:24Z">
          <params>
            <param index="0">
              <value>
                <![CDATA[[TestResult name=VerifyProfile status=SUCCESS method=TestCase1.VerifyProfile()[pri:1, instance:com.NaukriTestCases.TestCase1@91e32e] output={null}]]]>
              </value>
            </param>
          </params>
          <reporter-output>
          </reporter-output>
        </test-method> <!-- CaptureStatus -->
        <test-method status="PASS" signature="CaptureStatus(org.testng.ITestResult)[pri:0, instance:com.NaukriTestCases.TestCase1@91e32e]" name="CaptureStatus" is-config="true" duration-ms="0" started-at="2018-03-26T01:23:27Z" finished-at="2018-03-26T01:23:27Z">
          <params>
            <param index="0">
              <value>
                <![CDATA[[TestResult name=UpdateDomine status=SUCCESS method=TestCase1.UpdateDomine()[pri:2, instance:com.NaukriTestCases.TestCase1@91e32e] output={null}]]]>
              </value>
            </param>
          </params>
          <reporter-output>
          </reporter-output>
        </test-method> <!-- CaptureStatus -->
        <test-method status="PASS" signature="registerthemethods(java.lang.reflect.Method)[pri:0, instance:com.NaukriTestCases.TestCase1@91e32e]" name="registerthemethods" is-config="true" duration-ms="0" started-at="2018-03-26T01:23:27Z" finished-at="2018-03-26T01:23:27Z">
          <params>
            <param index="0">
              <value>
                <![CDATA[public void com.NaukriTestCases.TestCase1.AutoComplete() throws java.lang.Exception]]>
              </value>
            </param>
          </params>
          <reporter-output>
          </reporter-output>
        </test-method> <!-- registerthemethods -->
        <test-method status="PASS" signature="AutoComplete()[pri:4, instance:com.NaukriTestCases.TestCase1@91e32e]" name="AutoComplete" duration-ms="13646" started-at="2018-03-26T01:23:27Z" finished-at="2018-03-26T01:23:41Z">
          <reporter-output>
          </reporter-output>
        </test-method> <!-- AutoComplete -->
        <test-method status="PASS" signature="CaptureStatus(org.testng.ITestResult)[pri:0, instance:com.NaukriTestCases.TestCase1@91e32e]" name="CaptureStatus" is-config="true" duration-ms="0" started-at="2018-03-26T01:23:41Z" finished-at="2018-03-26T01:23:41Z">
          <params>
            <param index="0">
              <value>
                <![CDATA[[TestResult name=AutoComplete status=SUCCESS method=TestCase1.AutoComplete()[pri:4, instance:com.NaukriTestCases.TestCase1@91e32e] output={null}]]]>
              </value>
            </param>
          </params>
          <reporter-output>
          </reporter-output>
        </test-method> <!-- CaptureStatus -->
        <test-method status="PASS" signature="UploadCV()[pri:5, instance:com.NaukriTestCases.TestCase1@91e32e]" name="UploadCV" duration-ms="27784" started-at="2018-03-26T01:23:41Z" finished-at="2018-03-26T01:24:09Z">
          <reporter-output>
          </reporter-output>
        </test-method> <!-- UploadCV -->
        <test-method status="PASS" signature="registerthemethods(java.lang.reflect.Method)[pri:0, instance:com.NaukriTestCases.TestCase1@91e32e]" name="registerthemethods" is-config="true" duration-ms="0" started-at="2018-03-26T01:23:41Z" finished-at="2018-03-26T01:23:41Z">
          <params>
            <param index="0">
              <value>
                <![CDATA[public void com.NaukriTestCases.TestCase1.UploadCV() throws java.lang.Exception]]>
              </value>
            </param>
          </params>
          <reporter-output>
          </reporter-output>
        </test-method> <!-- registerthemethods -->
        <test-method status="PASS" signature="registerthemethods(java.lang.reflect.Method)[pri:0, instance:com.NaukriTestCases.TestCase1@91e32e]" name="registerthemethods" is-config="true" duration-ms="0" started-at="2018-03-26T01:24:09Z" finished-at="2018-03-26T01:24:09Z">
          <params>
            <param index="0">
              <value>
                <![CDATA[public void com.NaukriTestCases.TestCase1.LogOut() throws java.lang.Exception]]>
              </value>
            </param>
          </params>
          <reporter-output>
          </reporter-output>
        </test-method> <!-- registerthemethods -->
        <test-method status="PASS" signature="CaptureStatus(org.testng.ITestResult)[pri:0, instance:com.NaukriTestCases.TestCase1@91e32e]" name="CaptureStatus" is-config="true" duration-ms="0" started-at="2018-03-26T01:24:09Z" finished-at="2018-03-26T01:24:09Z">
          <params>
            <param index="0">
              <value>
                <![CDATA[[TestResult name=UploadCV status=SUCCESS method=TestCase1.UploadCV()[pri:5, instance:com.NaukriTestCases.TestCase1@91e32e] output={null}]]]>
              </value>
            </param>
          </params>
          <reporter-output>
          </reporter-output>
        </test-method> <!-- CaptureStatus -->
        <test-method status="FAIL" signature="LogOut()[pri:6, instance:com.NaukriTestCases.TestCase1@91e32e]" name="LogOut" duration-ms="7361" started-at="2018-03-26T01:24:09Z" finished-at="2018-03-26T01:24:16Z">
          <exception class="java.lang.AssertionError">
            <message>
              <![CDATA[The following asserts failed:expected [true] but found [false]]]>
            </message>
            <full-stacktrace>
              <![CDATA[java.lang.AssertionError: The following asserts failed:expected [true] but found [false]at org.testng.asserts.SoftAssert.assertAll(SoftAssert.java:43)at com.NaukriTestCases.TestCase1.LogOut(TestCase1.java:107)at sun.reflect.NativeMethodAccessorImpl.invoke0(Native Method)at sun.reflect.NativeMethodAccessorImpl.invoke(Unknown Source)at sun.reflect.DelegatingMethodAccessorImpl.invoke(Unknown Source)at java.lang.reflect.Method.invoke(Unknown Source)at org.testng.internal.MethodInvocationHelper.invokeMethod(MethodInvocationHelper.java:124)at org.testng.internal.Invoker.invokeMethod(Invoker.java:571)at org.testng.internal.Invoker.invokeTestMethod(Invoker.java:707)at org.testng.internal.Invoker.invokeTestMethods(Invoker.java:979)at org.testng.internal.TestMethodWorker.invokeTestMethods(TestMethodWorker.java:125)at org.testng.internal.TestMethodWorker.run(TestMethodWorker.java:109)at org.testng.TestRunner.privateRun(TestRunner.java:648)at org.testng.TestRunner.run(TestRunner.java:505)at org.testng.SuiteRunner.runTest(SuiteRunner.java:455)at org.testng.SuiteRunner.runSequentially(SuiteRunner.java:450)at org.testng.SuiteRunner.privateRun(SuiteRunner.java:415)at org.testng.SuiteRunner.run(SuiteRunner.java:364)at org.testng.SuiteRunnerWorker.runSuite(SuiteRunnerWorker.java:52)at org.testng.SuiteRunnerWorker.run(SuiteRunnerWorker.java:84)at org.testng.TestNG.runSuitesSequentially(TestNG.java:1187)at org.testng.TestNG.runSuitesLocally(TestNG.java:1116)at org.testng.TestNG.runSuites(TestNG.java:1028)at org.testng.TestNG.run(TestNG.java:996)at org.testng.remote.AbstractRemoteTestNG.run(AbstractRemoteTestNG.java:114)at org.testng.remote.RemoteTestNG.initAndRun(RemoteTestNG.java:251)at org.testng.remote.RemoteTestNG.main(RemoteTestNG.java:77)]]>
            </full-stacktrace>
          </exception> <!-- java.lang.AssertionError -->
          <reporter-output>
          </reporter-output>
        </test-method> <!-- LogOut -->
        <test-method status="PASS" signature="CaptureStatus(org.testng.ITestResult)[pri:0, instance:com.NaukriTestCases.TestCase1@91e32e]" name="CaptureStatus" is-config="true" duration-ms="157" started-at="2018-03-26T01:24:16Z" finished-at="2018-03-26T01:24:16Z">
          <params>
            <param index="0">
              <value>
                <![CDATA[[TestResult name=LogOut status=FAILURE method=TestCase1.LogOut()[pri:6, instance:com.NaukriTestCases.TestCase1@91e32e] output={null}]]]>
              </value>
            </param>
          </params>
          <reporter-output>
          </reporter-output>
        </test-method> <!-- CaptureStatus -->
        <test-method status="PASS" signature="teardown()[pri:0, instance:com.NaukriTestCases.TestCase1@91e32e]" name="teardown" is-config="true" duration-ms="4201" started-at="2018-03-26T01:24:16Z" finished-at="2018-03-26T01:24:20Z">
          <reporter-output>
          </reporter-output>
        </test-method> <!-- teardown -->
      </class> <!-- com.NaukriTestCases.TestCase1 -->
    </test> <!-- Test1 -->
    <test name="Test2" duration-ms="88009" started-at="2018-03-25T19:54:20Z" finished-at="2018-03-25T19:55:48Z">
      <class name="com.NaukriTestCases.TestCase2">
        <test-method status="PASS" signature="setUp()[pri:0, instance:com.NaukriTestCases.TestCase2@186f9d5]" name="setUp" is-config="true" duration-ms="0" started-at="2018-03-26T01:24:20Z" finished-at="2018-03-26T01:24:20Z">
          <reporter-output>
          </reporter-output>
        </test-method> <!-- setUp -->
        <test-method status="PASS" signature="registerthemethods(java.lang.reflect.Method)[pri:0, instance:com.NaukriTestCases.TestCase2@186f9d5]" name="registerthemethods" is-config="true" duration-ms="0" started-at="2018-03-26T01:24:20Z" finished-at="2018-03-26T01:24:20Z">
          <params>
            <param index="0">
              <value>
                <![CDATA[public void com.NaukriTestCases.TestCase2.VerifyProfile() throws java.lang.Exception]]>
              </value>
            </param>
          </params>
          <reporter-output>
          </reporter-output>
        </test-method> <!-- registerthemethods -->
        <test-method status="PASS" signature="VerifyProfile()[pri:1, instance:com.NaukriTestCases.TestCase2@186f9d5]" name="VerifyProfile" duration-ms="29333" started-at="2018-03-26T01:24:20Z" finished-at="2018-03-26T01:24:50Z">
          <reporter-output>
          </reporter-output>
        </test-method> <!-- VerifyProfile -->
        <test-method status="PASS" signature="UpdateDomine()[pri:2, instance:com.NaukriTestCases.TestCase2@186f9d5]" name="UpdateDomine" duration-ms="3393" started-at="2018-03-26T01:24:50Z" finished-at="2018-03-26T01:24:53Z">
          <reporter-output>
          </reporter-output>
        </test-method> <!-- UpdateDomine -->
        <test-method status="PASS" signature="CaptureStatus(org.testng.ITestResult)[pri:0, instance:com.NaukriTestCases.TestCase2@186f9d5]" name="CaptureStatus" is-config="true" duration-ms="0" started-at="2018-03-26T01:24:50Z" finished-at="2018-03-26T01:24:50Z">
          <params>
            <param index="0">
              <value>
                <![CDATA[[TestResult name=VerifyProfile status=SUCCESS method=TestCase2.VerifyProfile()[pri:1, instance:com.NaukriTestCases.TestCase2@186f9d5] output={null}]]]>
              </value>
            </param>
          </params>
          <reporter-output>
          </reporter-output>
        </test-method> <!-- CaptureStatus -->
        <test-method status="PASS" signature="registerthemethods(java.lang.reflect.Method)[pri:0, instance:com.NaukriTestCases.TestCase2@186f9d5]" name="registerthemethods" is-config="true" duration-ms="0" started-at="2018-03-26T01:24:50Z" finished-at="2018-03-26T01:24:50Z">
          <params>
            <param index="0">
              <value>
                <![CDATA[public void com.NaukriTestCases.TestCase2.UpdateDomine() throws java.lang.Exception]]>
              </value>
            </param>
          </params>
          <reporter-output>
          </reporter-output>
        </test-method> <!-- registerthemethods -->
        <test-method status="PASS" signature="CaptureStatus(org.testng.ITestResult)[pri:0, instance:com.NaukriTestCases.TestCase2@186f9d5]" name="CaptureStatus" is-config="true" duration-ms="0" started-at="2018-03-26T01:24:53Z" finished-at="2018-03-26T01:24:53Z">
          <params>
            <param index="0">
              <value>
                <![CDATA[[TestResult name=UpdateDomine status=SUCCESS method=TestCase2.UpdateDomine()[pri:2, instance:com.NaukriTestCases.TestCase2@186f9d5] output={null}]]]>
              </value>
            </param>
          </params>
          <reporter-output>
          </reporter-output>
        </test-method> <!-- CaptureStatus -->
        <test-method status="PASS" signature="registerthemethods(java.lang.reflect.Method)[pri:0, instance:com.NaukriTestCases.TestCase2@186f9d5]" name="registerthemethods" is-config="true" duration-ms="0" started-at="2018-03-26T01:24:53Z" finished-at="2018-03-26T01:24:53Z">
          <params>
            <param index="0">
              <value>
                <![CDATA[public void com.NaukriTestCases.TestCase2.AutoComplete() throws java.lang.Exception]]>
              </value>
            </param>
          </params>
          <reporter-output>
          </reporter-output>
        </test-method> <!-- registerthemethods -->
        <test-method status="PASS" signature="AutoComplete()[pri:4, instance:com.NaukriTestCases.TestCase2@186f9d5]" name="AutoComplete" duration-ms="14062" started-at="2018-03-26T01:24:53Z" finished-at="2018-03-26T01:25:07Z">
          <reporter-output>
          </reporter-output>
        </test-method> <!-- AutoComplete -->
        <test-method status="PASS" signature="UploadCV()[pri:5, instance:com.NaukriTestCases.TestCase2@186f9d5]" name="UploadCV" duration-ms="27717" started-at="2018-03-26T01:25:07Z" finished-at="2018-03-26T01:25:35Z">
          <reporter-output>
          </reporter-output>
        </test-method> <!-- UploadCV -->
        <test-method status="PASS" signature="CaptureStatus(org.testng.ITestResult)[pri:0, instance:com.NaukriTestCases.TestCase2@186f9d5]" name="CaptureStatus" is-config="true" duration-ms="0" started-at="2018-03-26T01:25:07Z" finished-at="2018-03-26T01:25:07Z">
          <params>
            <param index="0">
              <value>
                <![CDATA[[TestResult name=AutoComplete status=SUCCESS method=TestCase2.AutoComplete()[pri:4, instance:com.NaukriTestCases.TestCase2@186f9d5] output={null}]]]>
              </value>
            </param>
          </params>
          <reporter-output>
          </reporter-output>
        </test-method> <!-- CaptureStatus -->
        <test-method status="PASS" signature="registerthemethods(java.lang.reflect.Method)[pri:0, instance:com.NaukriTestCases.TestCase2@186f9d5]" name="registerthemethods" is-config="true" duration-ms="0" started-at="2018-03-26T01:25:07Z" finished-at="2018-03-26T01:25:07Z">
          <params>
            <param index="0">
              <value>
                <![CDATA[public void com.NaukriTestCases.TestCase2.UploadCV() throws java.lang.Exception]]>
              </value>
            </param>
          </params>
          <reporter-output>
          </reporter-output>
        </test-method> <!-- registerthemethods -->
        <test-method status="PASS" signature="CaptureStatus(org.testng.ITestResult)[pri:0, instance:com.NaukriTestCases.TestCase2@186f9d5]" name="CaptureStatus" is-config="true" duration-ms="0" started-at="2018-03-26T01:25:35Z" finished-at="2018-03-26T01:25:35Z">
          <params>
            <param index="0">
              <value>
                <![CDATA[[TestResult name=UploadCV status=SUCCESS method=TestCase2.UploadCV()[pri:5, instance:com.NaukriTestCases.TestCase2@186f9d5] output={null}]]]>
              </value>
            </param>
          </params>
          <reporter-output>
          </reporter-output>
        </test-method> <!-- CaptureStatus -->
        <test-method status="PASS" signature="registerthemethods(java.lang.reflect.Method)[pri:0, instance:com.NaukriTestCases.TestCase2@186f9d5]" name="registerthemethods" is-config="true" duration-ms="0" started-at="2018-03-26T01:25:35Z" finished-at="2018-03-26T01:25:35Z">
          <params>
            <param index="0">
              <value>
                <![CDATA[public void com.NaukriTestCases.TestCase2.LogOut() throws java.lang.Exception]]>
              </value>
            </param>
          </params>
          <reporter-output>
          </reporter-output>
        </test-method> <!-- registerthemethods -->
        <test-method status="PASS" signature="LogOut()[pri:6, instance:com.NaukriTestCases.TestCase2@186f9d5]" name="LogOut" duration-ms="9274" started-at="2018-03-26T01:25:35Z" finished-at="2018-03-26T01:25:44Z">
          <reporter-output>
          </reporter-output>
        </test-method> <!-- LogOut -->
        <test-method status="PASS" signature="CaptureStatus(org.testng.ITestResult)[pri:0, instance:com.NaukriTestCases.TestCase2@186f9d5]" name="CaptureStatus" is-config="true" duration-ms="0" started-at="2018-03-26T01:25:44Z" finished-at="2018-03-26T01:25:44Z">
          <params>
            <param index="0">
              <value>
                <![CDATA[[TestResult name=LogOut status=SUCCESS method=TestCase2.LogOut()[pri:6, instance:com.NaukriTestCases.TestCase2@186f9d5] output={null}]]]>
              </value>
            </param>
          </params>
          <reporter-output>
          </reporter-output>
        </test-method> <!-- CaptureStatus -->
        <test-method status="PASS" signature="teardown()[pri:0, instance:com.NaukriTestCases.TestCase2@186f9d5]" name="teardown" is-config="true" duration-ms="4227" started-at="2018-03-26T01:25:44Z" finished-at="2018-03-26T01:25:48Z">
          <reporter-output>
          </reporter-output>
        </test-method> <!-- teardown -->
      </class> <!-- com.NaukriTestCases.TestCase2 -->
    </test> <!-- Test2 -->
    <test name="Test3" duration-ms="87060" started-at="2018-03-25T19:55:48Z" finished-at="2018-03-25T19:57:15Z">
      <class name="com.NaukriTestCases.TestCase3">
        <test-method status="PASS" signature="setUp()[pri:0, instance:com.NaukriTestCases.TestCase3@a035a0]" name="setUp" is-config="true" duration-ms="0" started-at="2018-03-26T01:25:48Z" finished-at="2018-03-26T01:25:48Z">
          <reporter-output>
          </reporter-output>
        </test-method> <!-- setUp -->
        <test-method status="PASS" signature="VerifyProfile()[pri:1, instance:com.NaukriTestCases.TestCase3@a035a0]" name="VerifyProfile" duration-ms="28843" started-at="2018-03-26T01:25:48Z" finished-at="2018-03-26T01:26:17Z">
          <reporter-output>
          </reporter-output>
        </test-method> <!-- VerifyProfile -->
        <test-method status="PASS" signature="registerthemethods(java.lang.reflect.Method)[pri:0, instance:com.NaukriTestCases.TestCase3@a035a0]" name="registerthemethods" is-config="true" duration-ms="0" started-at="2018-03-26T01:25:48Z" finished-at="2018-03-26T01:25:48Z">
          <params>
            <param index="0">
              <value>
                <![CDATA[public void com.NaukriTestCases.TestCase3.VerifyProfile() throws java.lang.Exception]]>
              </value>
            </param>
          </params>
          <reporter-output>
          </reporter-output>
        </test-method> <!-- registerthemethods -->
        <test-method status="PASS" signature="registerthemethods(java.lang.reflect.Method)[pri:0, instance:com.NaukriTestCases.TestCase3@a035a0]" name="registerthemethods" is-config="true" duration-ms="0" started-at="2018-03-26T01:26:17Z" finished-at="2018-03-26T01:26:17Z">
          <params>
            <param index="0">
              <value>
                <![CDATA[public void com.NaukriTestCases.TestCase3.UpdateDomine() throws java.lang.Exception]]>
              </value>
            </param>
          </params>
          <reporter-output>
          </reporter-output>
        </test-method> <!-- registerthemethods -->
        <test-method status="PASS" signature="UpdateDomine()[pri:2, instance:com.NaukriTestCases.TestCase3@a035a0]" name="UpdateDomine" duration-ms="4728" started-at="2018-03-26T01:26:17Z" finished-at="2018-03-26T01:26:22Z">
          <reporter-output>
          </reporter-output>
        </test-method> <!-- UpdateDomine -->
        <test-method status="PASS" signature="CaptureStatus(org.testng.ITestResult)[pri:0, instance:com.NaukriTestCases.TestCase3@a035a0]" name="CaptureStatus" is-config="true" duration-ms="0" started-at="2018-03-26T01:26:17Z" finished-at="2018-03-26T01:26:17Z">
          <params>
            <param index="0">
              <value>
                <![CDATA[[TestResult name=VerifyProfile status=SUCCESS method=TestCase3.VerifyProfile()[pri:1, instance:com.NaukriTestCases.TestCase3@a035a0] output={null}]]]>
              </value>
            </param>
          </params>
          <reporter-output>
          </reporter-output>
        </test-method> <!-- CaptureStatus -->
        <test-method status="PASS" signature="registerthemethods(java.lang.reflect.Method)[pri:0, instance:com.NaukriTestCases.TestCase3@a035a0]" name="registerthemethods" is-config="true" duration-ms="0" started-at="2018-03-26T01:26:22Z" finished-at="2018-03-26T01:26:22Z">
          <params>
            <param index="0">
              <value>
                <![CDATA[public void com.NaukriTestCases.TestCase3.AutoComplete() throws java.lang.Exception]]>
              </value>
            </param>
          </params>
          <reporter-output>
          </reporter-output>
        </test-method> <!-- registerthemethods -->
        <test-method status="PASS" signature="CaptureStatus(org.testng.ITestResult)[pri:0, instance:com.NaukriTestCases.TestCase3@a035a0]" name="CaptureStatus" is-config="true" duration-ms="0" started-at="2018-03-26T01:26:22Z" finished-at="2018-03-26T01:26:22Z">
          <params>
            <param index="0">
              <value>
                <![CDATA[[TestResult name=UpdateDomine status=SUCCESS method=TestCase3.UpdateDomine()[pri:2, instance:com.NaukriTestCases.TestCase3@a035a0] output={null}]]]>
              </value>
            </param>
          </params>
          <reporter-output>
          </reporter-output>
        </test-method> <!-- CaptureStatus -->
        <test-method status="PASS" signature="AutoComplete()[pri:4, instance:com.NaukriTestCases.TestCase3@a035a0]" name="AutoComplete" duration-ms="13794" started-at="2018-03-26T01:26:22Z" finished-at="2018-03-26T01:26:36Z">
          <reporter-output>
          </reporter-output>
        </test-method> <!-- AutoComplete -->
        <test-method status="PASS" signature="UploadCV()[pri:5, instance:com.NaukriTestCases.TestCase3@a035a0]" name="UploadCV" duration-ms="28017" started-at="2018-03-26T01:26:36Z" finished-at="2018-03-26T01:27:04Z">
          <reporter-output>
          </reporter-output>
        </test-method> <!-- UploadCV -->
        <test-method status="PASS" signature="registerthemethods(java.lang.reflect.Method)[pri:0, instance:com.NaukriTestCases.TestCase3@a035a0]" name="registerthemethods" is-config="true" duration-ms="0" started-at="2018-03-26T01:26:36Z" finished-at="2018-03-26T01:26:36Z">
          <params>
            <param index="0">
              <value>
                <![CDATA[public void com.NaukriTestCases.TestCase3.UploadCV() throws java.lang.Exception]]>
              </value>
            </param>
          </params>
          <reporter-output>
          </reporter-output>
        </test-method> <!-- registerthemethods -->
        <test-method status="PASS" signature="CaptureStatus(org.testng.ITestResult)[pri:0, instance:com.NaukriTestCases.TestCase3@a035a0]" name="CaptureStatus" is-config="true" duration-ms="0" started-at="2018-03-26T01:26:36Z" finished-at="2018-03-26T01:26:36Z">
          <params>
            <param index="0">
              <value>
                <![CDATA[[TestResult name=AutoComplete status=SUCCESS method=TestCase3.AutoComplete()[pri:4, instance:com.NaukriTestCases.TestCase3@a035a0] output={null}]]]>
              </value>
            </param>
          </params>
          <reporter-output>
          </reporter-output>
        </test-method> <!-- CaptureStatus -->
        <test-method status="PASS" signature="registerthemethods(java.lang.reflect.Method)[pri:0, instance:com.NaukriTestCases.TestCase3@a035a0]" name="registerthemethods" is-config="true" duration-ms="0" started-at="2018-03-26T01:27:04Z" finished-at="2018-03-26T01:27:04Z">
          <params>
            <param index="0">
              <value>
                <![CDATA[public void com.NaukriTestCases.TestCase3.LogOut() throws java.lang.Exception]]>
              </value>
            </param>
          </params>
          <reporter-output>
          </reporter-output>
        </test-method> <!-- registerthemethods -->
        <test-method status="PASS" signature="LogOut()[pri:6, instance:com.NaukriTestCases.TestCase3@a035a0]" name="LogOut" duration-ms="7483" started-at="2018-03-26T01:27:04Z" finished-at="2018-03-26T01:27:11Z">
          <reporter-output>
          </reporter-output>
        </test-method> <!-- LogOut -->
        <test-method status="PASS" signature="CaptureStatus(org.testng.ITestResult)[pri:0, instance:com.NaukriTestCases.TestCase3@a035a0]" name="CaptureStatus" is-config="true" duration-ms="0" started-at="2018-03-26T01:27:04Z" finished-at="2018-03-26T01:27:04Z">
          <params>
            <param index="0">
              <value>
                <![CDATA[[TestResult name=UploadCV status=SUCCESS method=TestCase3.UploadCV()[pri:5, instance:com.NaukriTestCases.TestCase3@a035a0] output={null}]]]>
              </value>
            </param>
          </params>
          <reporter-output>
          </reporter-output>
        </test-method> <!-- CaptureStatus -->
        <test-method status="PASS" signature="teardown()[pri:0, instance:com.NaukriTestCases.TestCase3@a035a0]" name="teardown" is-config="true" duration-ms="4192" started-at="2018-03-26T01:27:11Z" finished-at="2018-03-26T01:27:15Z">
          <reporter-output>
          </reporter-output>
        </test-method> <!-- teardown -->
        <test-method status="PASS" signature="CaptureStatus(org.testng.ITestResult)[pri:0, instance:com.NaukriTestCases.TestCase3@a035a0]" name="CaptureStatus" is-config="true" duration-ms="0" started-at="2018-03-26T01:27:11Z" finished-at="2018-03-26T01:27:11Z">
          <params>
            <param index="0">
              <value>
                <![CDATA[[TestResult name=LogOut status=SUCCESS method=TestCase3.LogOut()[pri:6, instance:com.NaukriTestCases.TestCase3@a035a0] output={null}]]]>
              </value>
            </param>
          </params>
          <reporter-output>
          </reporter-output>
        </test-method> <!-- CaptureStatus -->
      </class> <!-- com.NaukriTestCases.TestCase3 -->
    </test> <!-- Test3 -->
    <test name="Test4" duration-ms="84357" started-at="2018-03-25T19:57:15Z" finished-at="2018-03-25T19:58:40Z">
      <class name="com.NaukriTestCases.TestCase4">
        <test-method status="PASS" signature="setUp()[pri:0, instance:com.NaukriTestCases.TestCase4@6007f4]" name="setUp" is-config="true" duration-ms="0" started-at="2018-03-26T01:27:15Z" finished-at="2018-03-26T01:27:15Z">
          <reporter-output>
          </reporter-output>
        </test-method> <!-- setUp -->
        <test-method status="PASS" signature="VerifyProfile()[pri:1, instance:com.NaukriTestCases.TestCase4@6007f4]" name="VerifyProfile" duration-ms="28748" started-at="2018-03-26T01:27:15Z" finished-at="2018-03-26T01:27:44Z">
          <reporter-output>
          </reporter-output>
        </test-method> <!-- VerifyProfile -->
        <test-method status="PASS" signature="registerthemethods(java.lang.reflect.Method)[pri:0, instance:com.NaukriTestCases.TestCase4@6007f4]" name="registerthemethods" is-config="true" duration-ms="0" started-at="2018-03-26T01:27:15Z" finished-at="2018-03-26T01:27:15Z">
          <params>
            <param index="0">
              <value>
                <![CDATA[public void com.NaukriTestCases.TestCase4.VerifyProfile() throws java.lang.Exception]]>
              </value>
            </param>
          </params>
          <reporter-output>
          </reporter-output>
        </test-method> <!-- registerthemethods -->
        <test-method status="PASS" signature="UpdateDomine()[pri:2, instance:com.NaukriTestCases.TestCase4@6007f4]" name="UpdateDomine" duration-ms="3077" started-at="2018-03-26T01:27:44Z" finished-at="2018-03-26T01:27:47Z">
          <reporter-output>
          </reporter-output>
        </test-method> <!-- UpdateDomine -->
        <test-method status="PASS" signature="CaptureStatus(org.testng.ITestResult)[pri:0, instance:com.NaukriTestCases.TestCase4@6007f4]" name="CaptureStatus" is-config="true" duration-ms="0" started-at="2018-03-26T01:27:44Z" finished-at="2018-03-26T01:27:44Z">
          <params>
            <param index="0">
              <value>
                <![CDATA[[TestResult name=VerifyProfile status=SUCCESS method=TestCase4.VerifyProfile()[pri:1, instance:com.NaukriTestCases.TestCase4@6007f4] output={null}]]]>
              </value>
            </param>
          </params>
          <reporter-output>
          </reporter-output>
        </test-method> <!-- CaptureStatus -->
        <test-method status="PASS" signature="registerthemethods(java.lang.reflect.Method)[pri:0, instance:com.NaukriTestCases.TestCase4@6007f4]" name="registerthemethods" is-config="true" duration-ms="0" started-at="2018-03-26T01:27:44Z" finished-at="2018-03-26T01:27:44Z">
          <params>
            <param index="0">
              <value>
                <![CDATA[public void com.NaukriTestCases.TestCase4.UpdateDomine() throws java.lang.Exception]]>
              </value>
            </param>
          </params>
          <reporter-output>
          </reporter-output>
        </test-method> <!-- registerthemethods -->
        <test-method status="PASS" signature="AutoComplete()[pri:4, instance:com.NaukriTestCases.TestCase4@6007f4]" name="AutoComplete" duration-ms="14415" started-at="2018-03-26T01:27:47Z" finished-at="2018-03-26T01:28:02Z">
          <reporter-output>
          </reporter-output>
        </test-method> <!-- AutoComplete -->
        <test-method status="PASS" signature="CaptureStatus(org.testng.ITestResult)[pri:0, instance:com.NaukriTestCases.TestCase4@6007f4]" name="CaptureStatus" is-config="true" duration-ms="0" started-at="2018-03-26T01:27:47Z" finished-at="2018-03-26T01:27:47Z">
          <params>
            <param index="0">
              <value>
                <![CDATA[[TestResult name=UpdateDomine status=SUCCESS method=TestCase4.UpdateDomine()[pri:2, instance:com.NaukriTestCases.TestCase4@6007f4] output={null}]]]>
              </value>
            </param>
          </params>
          <reporter-output>
          </reporter-output>
        </test-method> <!-- CaptureStatus -->
        <test-method status="PASS" signature="registerthemethods(java.lang.reflect.Method)[pri:0, instance:com.NaukriTestCases.TestCase4@6007f4]" name="registerthemethods" is-config="true" duration-ms="0" started-at="2018-03-26T01:27:47Z" finished-at="2018-03-26T01:27:47Z">
          <params>
            <param index="0">
              <value>
                <![CDATA[public void com.NaukriTestCases.TestCase4.AutoComplete() throws java.lang.Exception]]>
              </value>
            </param>
          </params>
          <reporter-output>
          </reporter-output>
        </test-method> <!-- registerthemethods -->
        <test-method status="PASS" signature="CaptureStatus(org.testng.ITestResult)[pri:0, instance:com.NaukriTestCases.TestCase4@6007f4]" name="CaptureStatus" is-config="true" duration-ms="0" started-at="2018-03-26T01:28:02Z" finished-at="2018-03-26T01:28:02Z">
          <params>
            <param index="0">
              <value>
                <![CDATA[[TestResult name=AutoComplete status=SUCCESS method=TestCase4.AutoComplete()[pri:4, instance:com.NaukriTestCases.TestCase4@6007f4] output={null}]]]>
              </value>
            </param>
          </params>
          <reporter-output>
          </reporter-output>
        </test-method> <!-- CaptureStatus -->
        <test-method status="PASS" signature="registerthemethods(java.lang.reflect.Method)[pri:0, instance:com.NaukriTestCases.TestCase4@6007f4]" name="registerthemethods" is-config="true" duration-ms="0" started-at="2018-03-26T01:28:02Z" finished-at="2018-03-26T01:28:02Z">
          <params>
            <param index="0">
              <value>
                <![CDATA[public void com.NaukriTestCases.TestCase4.UploadCV() throws java.lang.Exception]]>
              </value>
            </param>
          </params>
          <reporter-output>
          </reporter-output>
        </test-method> <!-- registerthemethods -->
        <test-method status="PASS" signature="UploadCV()[pri:5, instance:com.NaukriTestCases.TestCase4@6007f4]" name="UploadCV" duration-ms="27811" started-at="2018-03-26T01:28:02Z" finished-at="2018-03-26T01:28:29Z">
          <reporter-output>
          </reporter-output>
        </test-method> <!-- UploadCV -->
        <test-method status="PASS" signature="CaptureStatus(org.testng.ITestResult)[pri:0, instance:com.NaukriTestCases.TestCase4@6007f4]" name="CaptureStatus" is-config="true" duration-ms="1" started-at="2018-03-26T01:28:29Z" finished-at="2018-03-26T01:28:29Z">
          <params>
            <param index="0">
              <value>
                <![CDATA[[TestResult name=UploadCV status=SUCCESS method=TestCase4.UploadCV()[pri:5, instance:com.NaukriTestCases.TestCase4@6007f4] output={null}]]]>
              </value>
            </param>
          </params>
          <reporter-output>
          </reporter-output>
        </test-method> <!-- CaptureStatus -->
        <test-method status="PASS" signature="registerthemethods(java.lang.reflect.Method)[pri:0, instance:com.NaukriTestCases.TestCase4@6007f4]" name="registerthemethods" is-config="true" duration-ms="0" started-at="2018-03-26T01:28:29Z" finished-at="2018-03-26T01:28:29Z">
          <params>
            <param index="0">
              <value>
                <![CDATA[public void com.NaukriTestCases.TestCase4.LogOut() throws java.lang.Exception]]>
              </value>
            </param>
          </params>
          <reporter-output>
          </reporter-output>
        </test-method> <!-- registerthemethods -->
        <test-method status="FAIL" signature="LogOut()[pri:6, instance:com.NaukriTestCases.TestCase4@6007f4]" name="LogOut" duration-ms="5963" started-at="2018-03-26T01:28:29Z" finished-at="2018-03-26T01:28:35Z">
          <exception class="java.lang.AssertionError">
            <message>
              <![CDATA[The following asserts failed:expected [true] but found [false]]]>
            </message>
            <full-stacktrace>
              <![CDATA[java.lang.AssertionError: The following asserts failed:expected [true] but found [false]at org.testng.asserts.SoftAssert.assertAll(SoftAssert.java:43)at com.NaukriTestCases.TestCase4.LogOut(TestCase4.java:106)at sun.reflect.NativeMethodAccessorImpl.invoke0(Native Method)at sun.reflect.NativeMethodAccessorImpl.invoke(Unknown Source)at sun.reflect.DelegatingMethodAccessorImpl.invoke(Unknown Source)at java.lang.reflect.Method.invoke(Unknown Source)at org.testng.internal.MethodInvocationHelper.invokeMethod(MethodInvocationHelper.java:124)at org.testng.internal.Invoker.invokeMethod(Invoker.java:571)at org.testng.internal.Invoker.invokeTestMethod(Invoker.java:707)at org.testng.internal.Invoker.invokeTestMethods(Invoker.java:979)at org.testng.internal.TestMethodWorker.invokeTestMethods(TestMethodWorker.java:125)at org.testng.internal.TestMethodWorker.run(TestMethodWorker.java:109)at org.testng.TestRunner.privateRun(TestRunner.java:648)at org.testng.TestRunner.run(TestRunner.java:505)at org.testng.SuiteRunner.runTest(SuiteRunner.java:455)at org.testng.SuiteRunner.runSequentially(SuiteRunner.java:450)at org.testng.SuiteRunner.privateRun(SuiteRunner.java:415)at org.testng.SuiteRunner.run(SuiteRunner.java:364)at org.testng.SuiteRunnerWorker.runSuite(SuiteRunnerWorker.java:52)at org.testng.SuiteRunnerWorker.run(SuiteRunnerWorker.java:84)at org.testng.TestNG.runSuitesSequentially(TestNG.java:1187)at org.testng.TestNG.runSuitesLocally(TestNG.java:1116)at org.testng.TestNG.runSuites(TestNG.java:1028)at org.testng.TestNG.run(TestNG.java:996)at org.testng.remote.AbstractRemoteTestNG.run(AbstractRemoteTestNG.java:114)at org.testng.remote.RemoteTestNG.initAndRun(RemoteTestNG.java:251)at org.testng.remote.RemoteTestNG.main(RemoteTestNG.java:77)]]>
            </full-stacktrace>
          </exception> <!-- java.lang.AssertionError -->
          <reporter-output>
          </reporter-output>
        </test-method> <!-- LogOut -->
        <test-method status="PASS" signature="CaptureStatus(org.testng.ITestResult)[pri:0, instance:com.NaukriTestCases.TestCase4@6007f4]" name="CaptureStatus" is-config="true" duration-ms="120" started-at="2018-03-26T01:28:35Z" finished-at="2018-03-26T01:28:36Z">
          <params>
            <param index="0">
              <value>
                <![CDATA[[TestResult name=LogOut status=FAILURE method=TestCase4.LogOut()[pri:6, instance:com.NaukriTestCases.TestCase4@6007f4] output={null}]]]>
              </value>
            </param>
          </params>
          <reporter-output>
          </reporter-output>
        </test-method> <!-- CaptureStatus -->
        <test-method status="PASS" signature="teardown()[pri:0, instance:com.NaukriTestCases.TestCase4@6007f4]" name="teardown" is-config="true" duration-ms="4200" started-at="2018-03-26T01:28:36Z" finished-at="2018-03-26T01:28:40Z">
          <reporter-output>
          </reporter-output>
        </test-method> <!-- teardown -->
      </class> <!-- com.NaukriTestCases.TestCase4 -->
    </test> <!-- Test4 -->
    <test name="Test5" duration-ms="84320" started-at="2018-03-25T19:58:40Z" finished-at="2018-03-25T20:00:04Z">
      <class name="com.NaukriTestCases.TestCase5">
        <test-method status="PASS" signature="extent()[pri:0, instance:com.NaukriTestCases.TestCase5@762604]" name="extent" is-config="true" duration-ms="269" started-at="2018-03-26T01:22:56Z" finished-at="2018-03-26T01:22:57Z">
          <reporter-output>
          </reporter-output>
        </test-method> <!-- extent -->
        <test-method status="PASS" signature="VerifyProfile()[pri:1, instance:com.NaukriTestCases.TestCase5@762604]" name="VerifyProfile" duration-ms="26389" started-at="2018-03-26T01:28:40Z" finished-at="2018-03-26T01:29:06Z">
          <reporter-output>
          </reporter-output>
        </test-method> <!-- VerifyProfile -->
        <test-method status="PASS" signature="setUp()[pri:0, instance:com.NaukriTestCases.TestCase5@762604]" name="setUp" is-config="true" duration-ms="0" started-at="2018-03-26T01:28:40Z" finished-at="2018-03-26T01:28:40Z">
          <reporter-output>
          </reporter-output>
        </test-method> <!-- setUp -->
        <test-method status="PASS" signature="registerthemethods(java.lang.reflect.Method)[pri:0, instance:com.NaukriTestCases.TestCase5@762604]" name="registerthemethods" is-config="true" duration-ms="0" started-at="2018-03-26T01:28:40Z" finished-at="2018-03-26T01:28:40Z">
          <params>
            <param index="0">
              <value>
                <![CDATA[public void com.NaukriTestCases.TestCase5.VerifyProfile() throws java.lang.Exception]]>
              </value>
            </param>
          </params>
          <reporter-output>
          </reporter-output>
        </test-method> <!-- registerthemethods -->
        <test-method status="PASS" signature="CaptureStatus(org.testng.ITestResult)[pri:0, instance:com.NaukriTestCases.TestCase5@762604]" name="CaptureStatus" is-config="true" duration-ms="0" started-at="2018-03-26T01:29:06Z" finished-at="2018-03-26T01:29:06Z">
          <params>
            <param index="0">
              <value>
                <![CDATA[[TestResult name=VerifyProfile status=SUCCESS method=TestCase5.VerifyProfile()[pri:1, instance:com.NaukriTestCases.TestCase5@762604] output={null}]]]>
              </value>
            </param>
          </params>
          <reporter-output>
          </reporter-output>
        </test-method> <!-- CaptureStatus -->
        <test-method status="PASS" signature="UpdateDomine()[pri:2, instance:com.NaukriTestCases.TestCase5@762604]" name="UpdateDomine" duration-ms="3711" started-at="2018-03-26T01:29:06Z" finished-at="2018-03-26T01:29:10Z">
          <reporter-output>
          </reporter-output>
        </test-method> <!-- UpdateDomine -->
        <test-method status="PASS" signature="registerthemethods(java.lang.reflect.Method)[pri:0, instance:com.NaukriTestCases.TestCase5@762604]" name="registerthemethods" is-config="true" duration-ms="0" started-at="2018-03-26T01:29:06Z" finished-at="2018-03-26T01:29:06Z">
          <params>
            <param index="0">
              <value>
                <![CDATA[public void com.NaukriTestCases.TestCase5.UpdateDomine() throws java.lang.Exception]]>
              </value>
            </param>
          </params>
          <reporter-output>
          </reporter-output>
        </test-method> <!-- registerthemethods -->
        <test-method status="PASS" signature="AutoComplete()[pri:4, instance:com.NaukriTestCases.TestCase5@762604]" name="AutoComplete" duration-ms="14447" started-at="2018-03-26T01:29:10Z" finished-at="2018-03-26T01:29:24Z">
          <reporter-output>
          </reporter-output>
        </test-method> <!-- AutoComplete -->
        <test-method status="PASS" signature="registerthemethods(java.lang.reflect.Method)[pri:0, instance:com.NaukriTestCases.TestCase5@762604]" name="registerthemethods" is-config="true" duration-ms="0" started-at="2018-03-26T01:29:10Z" finished-at="2018-03-26T01:29:10Z">
          <params>
            <param index="0">
              <value>
                <![CDATA[public void com.NaukriTestCases.TestCase5.AutoComplete() throws java.lang.Exception]]>
              </value>
            </param>
          </params>
          <reporter-output>
          </reporter-output>
        </test-method> <!-- registerthemethods -->
        <test-method status="PASS" signature="CaptureStatus(org.testng.ITestResult)[pri:0, instance:com.NaukriTestCases.TestCase5@762604]" name="CaptureStatus" is-config="true" duration-ms="0" started-at="2018-03-26T01:29:10Z" finished-at="2018-03-26T01:29:10Z">
          <params>
            <param index="0">
              <value>
                <![CDATA[[TestResult name=UpdateDomine status=SUCCESS method=TestCase5.UpdateDomine()[pri:2, instance:com.NaukriTestCases.TestCase5@762604] output={null}]]]>
              </value>
            </param>
          </params>
          <reporter-output>
          </reporter-output>
        </test-method> <!-- CaptureStatus -->
        <test-method status="PASS" signature="UploadCV()[pri:5, instance:com.NaukriTestCases.TestCase5@762604]" name="UploadCV" duration-ms="28144" started-at="2018-03-26T01:29:24Z" finished-at="2018-03-26T01:29:52Z">
          <reporter-output>
          </reporter-output>
        </test-method> <!-- UploadCV -->
        <test-method status="PASS" signature="registerthemethods(java.lang.reflect.Method)[pri:0, instance:com.NaukriTestCases.TestCase5@762604]" name="registerthemethods" is-config="true" duration-ms="0" started-at="2018-03-26T01:29:24Z" finished-at="2018-03-26T01:29:24Z">
          <params>
            <param index="0">
              <value>
                <![CDATA[public void com.NaukriTestCases.TestCase5.UploadCV() throws java.lang.Exception]]>
              </value>
            </param>
          </params>
          <reporter-output>
          </reporter-output>
        </test-method> <!-- registerthemethods -->
        <test-method status="PASS" signature="CaptureStatus(org.testng.ITestResult)[pri:0, instance:com.NaukriTestCases.TestCase5@762604]" name="CaptureStatus" is-config="true" duration-ms="0" started-at="2018-03-26T01:29:24Z" finished-at="2018-03-26T01:29:24Z">
          <params>
            <param index="0">
              <value>
                <![CDATA[[TestResult name=AutoComplete status=SUCCESS method=TestCase5.AutoComplete()[pri:4, instance:com.NaukriTestCases.TestCase5@762604] output={null}]]]>
              </value>
            </param>
          </params>
          <reporter-output>
          </reporter-output>
        </test-method> <!-- CaptureStatus -->
        <test-method status="PASS" signature="CaptureStatus(org.testng.ITestResult)[pri:0, instance:com.NaukriTestCases.TestCase5@762604]" name="CaptureStatus" is-config="true" duration-ms="0" started-at="2018-03-26T01:29:53Z" finished-at="2018-03-26T01:29:53Z">
          <params>
            <param index="0">
              <value>
                <![CDATA[[TestResult name=UploadCV status=SUCCESS method=TestCase5.UploadCV()[pri:5, instance:com.NaukriTestCases.TestCase5@762604] output={null}]]]>
              </value>
            </param>
          </params>
          <reporter-output>
          </reporter-output>
        </test-method> <!-- CaptureStatus -->
        <test-method status="PASS" signature="registerthemethods(java.lang.reflect.Method)[pri:0, instance:com.NaukriTestCases.TestCase5@762604]" name="registerthemethods" is-config="true" duration-ms="0" started-at="2018-03-26T01:29:53Z" finished-at="2018-03-26T01:29:53Z">
          <params>
            <param index="0">
              <value>
                <![CDATA[public void com.NaukriTestCases.TestCase5.LogOut() throws java.lang.Exception]]>
              </value>
            </param>
          </params>
          <reporter-output>
          </reporter-output>
        </test-method> <!-- registerthemethods -->
        <test-method status="FAIL" signature="LogOut()[pri:6, instance:com.NaukriTestCases.TestCase5@762604]" name="LogOut" duration-ms="7279" started-at="2018-03-26T01:29:53Z" finished-at="2018-03-26T01:30:00Z">
          <exception class="java.lang.AssertionError">
            <message>
              <![CDATA[The following asserts failed:expected [true] but found [false]]]>
            </message>
            <full-stacktrace>
              <![CDATA[java.lang.AssertionError: The following asserts failed:expected [true] but found [false]at org.testng.asserts.SoftAssert.assertAll(SoftAssert.java:43)at com.NaukriTestCases.TestCase5.LogOut(TestCase5.java:107)at sun.reflect.NativeMethodAccessorImpl.invoke0(Native Method)at sun.reflect.NativeMethodAccessorImpl.invoke(Unknown Source)at sun.reflect.DelegatingMethodAccessorImpl.invoke(Unknown Source)at java.lang.reflect.Method.invoke(Unknown Source)at org.testng.internal.MethodInvocationHelper.invokeMethod(MethodInvocationHelper.java:124)at org.testng.internal.Invoker.invokeMethod(Invoker.java:571)at org.testng.internal.Invoker.invokeTestMethod(Invoker.java:707)at org.testng.internal.Invoker.invokeTestMethods(Invoker.java:979)at org.testng.internal.TestMethodWorker.invokeTestMethods(TestMethodWorker.java:125)at org.testng.internal.TestMethodWorker.run(TestMethodWorker.java:109)at org.testng.TestRunner.privateRun(TestRunner.java:648)at org.testng.TestRunner.run(TestRunner.java:505)at org.testng.SuiteRunner.runTest(SuiteRunner.java:455)at org.testng.SuiteRunner.runSequentially(SuiteRunner.java:450)at org.testng.SuiteRunner.privateRun(SuiteRunner.java:415)at org.testng.SuiteRunner.run(SuiteRunner.java:364)at org.testng.SuiteRunnerWorker.runSuite(SuiteRunnerWorker.java:52)at org.testng.SuiteRunnerWorker.run(SuiteRunnerWorker.java:84)at org.testng.TestNG.runSuitesSequentially(TestNG.java:1187)at org.testng.TestNG.runSuitesLocally(TestNG.java:1116)at org.testng.TestNG.runSuites(TestNG.java:1028)at org.testng.TestNG.run(TestNG.java:996)at org.testng.remote.AbstractRemoteTestNG.run(AbstractRemoteTestNG.java:114)at org.testng.remote.RemoteTestNG.initAndRun(RemoteTestNG.java:251)at org.testng.remote.RemoteTestNG.main(RemoteTestNG.java:77)]]>
            </full-stacktrace>
          </exception> <!-- java.lang.AssertionError -->
          <reporter-output>
          </reporter-output>
        </test-method> <!-- LogOut -->
        <test-method status="PASS" signature="CaptureStatus(org.testng.ITestResult)[pri:0, instance:com.NaukriTestCases.TestCase5@762604]" name="CaptureStatus" is-config="true" duration-ms="149" started-at="2018-03-26T01:30:00Z" finished-at="2018-03-26T01:30:00Z">
          <params>
            <param index="0">
              <value>
                <![CDATA[[TestResult name=LogOut status=FAILURE method=TestCase5.LogOut()[pri:6, instance:com.NaukriTestCases.TestCase5@762604] output={null}]]]>
              </value>
            </param>
          </params>
          <reporter-output>
          </reporter-output>
        </test-method> <!-- CaptureStatus -->
        <test-method status="PASS" signature="teardown()[pri:0, instance:com.NaukriTestCases.TestCase5@762604]" name="teardown" is-config="true" duration-ms="4200" started-at="2018-03-26T01:30:00Z" finished-at="2018-03-26T01:30:04Z">
          <reporter-output>
          </reporter-output>
        </test-method> <!-- teardown -->
        <test-method status="FAIL" signature="UnregisterAll()[pri:0, instance:com.NaukriTestCases.TestCase5@762604]" name="UnregisterAll" is-config="true" duration-ms="485" started-at="2018-03-26T01:30:04Z" finished-at="2018-03-26T01:30:05Z">
          <exception class="org.openqa.selenium.SessionNotCreatedException">
            <message>
              <![CDATA[Tried to run command without establishing a connectionBuild info: version: '3.11.0', revision: 'e59cfb3', time: '2018-03-11T20:26:55.152Z'System info: host: 'USER-PC', ip: '192.168.209.2', os.name: 'Windows 10', os.arch: 'x86', os.version: '10.0', java.version: '1.8.0_161'Driver info: org.openqa.selenium.firefox.FirefoxDriverCapabilities {acceptInsecureCerts: true, browserName: firefox, browserVersion: 56.0, javascriptEnabled: true, moz:accessibilityChecks: false, moz:headless: false, moz:processID: 5040, moz:profile: C:\Users\user\AppData\Local..., pageLoadStrategy: normal, platform: XP, platformName: XP, platformVersion: 10.0, rotatable: false, specificationLevel: 0, timeouts: {implicit: 0, pageLoad: 300000, script: 30000}}Session ID: 7bb22999-8a0d-4334-bbcc-9737959a7965]]>
            </message>
            <full-stacktrace>
              <![CDATA[org.openqa.selenium.SessionNotCreatedException: Tried to run command without establishing a connectionBuild info: version: '3.11.0', revision: 'e59cfb3', time: '2018-03-11T20:26:55.152Z'System info: host: 'USER-PC', ip: '192.168.209.2', os.name: 'Windows 10', os.arch: 'x86', os.version: '10.0', java.version: '1.8.0_161'Driver info: org.openqa.selenium.firefox.FirefoxDriverCapabilities {acceptInsecureCerts: true, browserName: firefox, browserVersion: 56.0, javascriptEnabled: true, moz:accessibilityChecks: false, moz:headless: false, moz:processID: 5040, moz:profile: C:\Users\user\AppData\Local..., pageLoadStrategy: normal, platform: XP, platformName: XP, platformVersion: 10.0, rotatable: false, specificationLevel: 0, timeouts: {implicit: 0, pageLoad: 300000, script: 30000}}Session ID: 7bb22999-8a0d-4334-bbcc-9737959a7965at sun.reflect.NativeConstructorAccessorImpl.newInstance0(Native Method)at sun.reflect.NativeConstructorAccessorImpl.newInstance(Unknown Source)at sun.reflect.DelegatingConstructorAccessorImpl.newInstance(Unknown Source)at java.lang.reflect.Constructor.newInstance(Unknown Source)at org.openqa.selenium.remote.http.W3CHttpResponseCodec.createException(W3CHttpResponseCodec.java:187)at org.openqa.selenium.remote.http.W3CHttpResponseCodec.decode(W3CHttpResponseCodec.java:122)at org.openqa.selenium.remote.http.W3CHttpResponseCodec.decode(W3CHttpResponseCodec.java:49)at org.openqa.selenium.remote.HttpCommandExecutor.execute(HttpCommandExecutor.java:158)at org.openqa.selenium.remote.service.DriverCommandExecutor.execute(DriverCommandExecutor.java:83)at org.openqa.selenium.remote.RemoteWebDriver.execute(RemoteWebDriver.java:545)at org.openqa.selenium.remote.RemoteWebDriver.execute(RemoteWebDriver.java:602)at org.openqa.selenium.remote.RemoteWebDriver.quit(RemoteWebDriver.java:445)at com.Library.SetUpUtils.UnregisterAll(SetUpUtils.java:74)at sun.reflect.NativeMethodAccessorImpl.invoke0(Native Method)at sun.reflect.NativeMethodAccessorImpl.invoke(Unknown Source)at sun.reflect.DelegatingMethodAccessorImpl.invoke(Unknown Source)at java.lang.reflect.Method.invoke(Unknown Source)at org.testng.internal.MethodInvocationHelper.invokeMethod(MethodInvocationHelper.java:124)at org.testng.internal.MethodInvocationHelper.invokeMethodConsideringTimeout(MethodInvocationHelper.java:59)at org.testng.internal.Invoker.invokeConfigurationMethod(Invoker.java:451)at org.testng.internal.Invoker.invokeConfigurations(Invoker.java:222)at org.testng.internal.Invoker.invokeConfigurations(Invoker.java:142)at org.testng.SuiteRunner.privateRun(SuiteRunner.java:425)at org.testng.SuiteRunner.run(SuiteRunner.java:364)at org.testng.SuiteRunnerWorker.runSuite(SuiteRunnerWorker.java:52)at org.testng.SuiteRunnerWorker.run(SuiteRunnerWorker.java:84)at org.testng.TestNG.runSuitesSequentially(TestNG.java:1187)at org.testng.TestNG.runSuitesLocally(TestNG.java:1116)at org.testng.TestNG.runSuites(TestNG.java:1028)at org.testng.TestNG.run(TestNG.java:996)at org.testng.remote.AbstractRemoteTestNG.run(AbstractRemoteTestNG.java:114)at org.testng.remote.RemoteTestNG.initAndRun(RemoteTestNG.java:251)at org.testng.remote.RemoteTestNG.main(RemoteTestNG.java:77)]]>
            </full-stacktrace>
          </exception> <!-- org.openqa.selenium.SessionNotCreatedException -->
          <reporter-output>
          </reporter-output>
        </test-method> <!-- UnregisterAll -->
      </class> <!-- com.NaukriTestCases.TestCase5 -->
    </test> <!-- Test5 -->
  </suite> <!-- Suite -->
</testng-results>
