<?xml version="1.0" encoding="UTF-8"?>
<!-- Generated by org.testng.reporters.JUnitReportReporter -->
<testsuite skipped="5" hostname="user-PC" name="com.NaukriTestCases.TestCase5" tests="6" failures="0" timestamp="10 Mar 2018 16:40:19 GMT" time="0.050" errors="1">
  <testcase name="extent" time="0.050" classname="com.NaukriTestCases.TestCase5">
    <error type="java.lang.NoClassDefFoundError" message="freemarker/template/TemplateModelException">
      <![CDATA[java.lang.NoClassDefFoundError: freemarker/template/TemplateModelExceptionat com.Library.SetUpUtils.extent(SetUpUtils.java:58)at sun.reflect.NativeMethodAccessorImpl.invoke0(Native Method)at sun.reflect.NativeMethodAccessorImpl.invoke(Unknown Source)at sun.reflect.DelegatingMethodAccessorImpl.invoke(Unknown Source)at java.lang.reflect.Method.invoke(Unknown Source)at org.testng.internal.MethodInvocationHelper.invokeMethod(MethodInvocationHelper.java:124)at org.testng.internal.MethodInvocationHelper.invokeMethodConsideringTimeout(MethodInvocationHelper.java:59)at org.testng.internal.Invoker.invokeConfigurationMethod(Invoker.java:451)at org.testng.internal.Invoker.invokeConfigurations(Invoker.java:222)at org.testng.internal.Invoker.invokeConfigurations(Invoker.java:142)at org.testng.SuiteRunner.privateRun(SuiteRunner.java:401)at org.testng.SuiteRunner.run(SuiteRunner.java:364)at org.testng.SuiteRunnerWorker.runSuite(SuiteRunnerWorker.java:52)at org.testng.SuiteRunnerWorker.run(SuiteRunnerWorker.java:84)at org.testng.TestNG.runSuitesSequentially(TestNG.java:1187)at org.testng.TestNG.runSuitesLocally(TestNG.java:1116)at org.testng.TestNG.runSuites(TestNG.java:1028)at org.testng.TestNG.run(TestNG.java:996)at org.apache.maven.surefire.testng.TestNGExecutor.run(TestNGExecutor.java:293)at org.apache.maven.surefire.testng.TestNGXmlTestSuite.execute(TestNGXmlTestSuite.java:84)at org.apache.maven.surefire.testng.TestNGProvider.invoke(TestNGProvider.java:91)at org.apache.maven.surefire.booter.ForkedBooter.invokeProviderInSameClassLoader(ForkedBooter.java:200)at org.apache.maven.surefire.booter.ForkedBooter.runSuitesInProcess(ForkedBooter.java:153)at org.apache.maven.surefire.booter.ForkedBooter.main(ForkedBooter.java:103)Caused by: java.lang.ClassNotFoundException: freemarker.template.TemplateModelExceptionat java.net.URLClassLoader.findClass(Unknown Source)at java.lang.ClassLoader.loadClass(Unknown Source)at sun.misc.Launcher$AppClassLoader.loadClass(Unknown Source)at java.lang.ClassLoader.loadClass(Unknown Source)... 24 more]]>
    </error>
  </testcase> <!-- extent -->
  <testcase name="VerifyProfile" time="0.000" classname="com.NaukriTestCases.TestCase5">
    <skipped/>
  </testcase> <!-- VerifyProfile -->
  <testcase name="UpdateDomine" time="0.000" classname="com.NaukriTestCases.TestCase5">
    <skipped/>
  </testcase> <!-- UpdateDomine -->
  <testcase name="AutoComplete" time="0.000" classname="com.NaukriTestCases.TestCase5">
    <skipped/>
  </testcase> <!-- AutoComplete -->
  <testcase name="UploadCV" time="0.000" classname="com.NaukriTestCases.TestCase5">
    <skipped/>
  </testcase> <!-- UploadCV -->
  <testcase name="LogOut" time="0.000" classname="com.NaukriTestCases.TestCase5">
    <skipped/>
  </testcase> <!-- LogOut -->
</testsuite> <!-- com.NaukriTestCases.TestCase5 -->
